-- The C compiler identification is GNU 13.3.0
-- The CXX compiler identification is GNU 13.3.0
-- Detecting C compiler ABI info
-- Detecting C compiler ABI info - done
-- Check for working C compiler: /usr/bin/cc - skipped
-- Detecting C compile features
-- Detecting C compile features - done
-- Detecting CXX compiler ABI info
-- Detecting CXX compiler ABI info - done
-- Check for working CXX compiler: /usr/bin/c++ - skipped
-- Detecting CXX compile features
-- Detecting CXX compile features - done
-- Found ament_cmake: 2.5.6 (/opt/ros/jazzy/share/ament_cmake/cmake)
-- Found Python3: /usr/bin/python3 (found version "3.12.3") found components: Interpreter 
-- Found ament_lint_auto: 0.17.5 (/opt/ros/jazzy/share/ament_lint_auto/cmake)
-- Added test 'lint_cmake' to check CMake code style
-- Added test 'xmllint' to check XML markup files
-- Configuring done (0.6s)
-- Generating done (0.0s)
-- Build files have been written to: /workspace/build/arm_description_pkg
-- Install configuration: ""
-- Installing: /workspace/install/arm_description_pkg/share/ament_index/resource_index/package_run_dependencies/arm_description_pkg
-- Installing: /workspace/install/arm_description_pkg/share/ament_index/resource_index/parent_prefix_path/arm_description_pkg
-- Installing: /workspace/install/arm_description_pkg/share/arm_description_pkg/environment/ament_prefix_path.sh
-- Installing: /workspace/install/arm_description_pkg/share/arm_description_pkg/environment/ament_prefix_path.dsv
-- Installing: /workspace/install/arm_description_pkg/share/arm_description_pkg/environment/path.sh
-- Installing: /workspace/install/arm_description_pkg/share/arm_description_pkg/environment/path.dsv
-- Installing: /workspace/install/arm_description_pkg/share/arm_description_pkg/local_setup.bash
-- Installing: /workspace/install/arm_description_pkg/share/arm_description_pkg/local_setup.sh
-- Installing: /workspace/install/arm_description_pkg/share/arm_description_pkg/local_setup.zsh
-- Installing: /workspace/install/arm_description_pkg/share/arm_description_pkg/local_setup.dsv
-- Installing: /workspace/install/arm_description_pkg/share/arm_description_pkg/package.dsv
-- Installing: /workspace/install/arm_description_pkg/share/ament_index/resource_index/packages/arm_description_pkg
-- Installing: /workspace/install/arm_description_pkg/share/arm_description_pkg/cmake/arm_description_pkgConfig.cmake
-- Installing: /workspace/install/arm_description_pkg/share/arm_description_pkg/cmake/arm_description_pkgConfig-version.cmake
-- Installing: /workspace/install/arm_description_pkg/share/arm_description_pkg/package.xml
