[0.013s] Invoking command in '/workspace/build/arm_description_pkg': CMAKE_PREFIX_PATH=${CMAKE_PREFIX_PATH}:/workspace/install/servo_pkg:/opt/ros/jazzy /usr/bin/cmake /workspace/src/arm_description_pkg -DCMAKE_INSTALL_PREFIX=/workspace/install/arm_description_pkg
[0.076s] -- The C compiler identification is GNU 13.3.0
[0.123s] -- The CXX compiler identification is GNU 13.3.0
[0.135s] -- Detecting C compiler ABI info
[0.205s] -- Detecting C compiler ABI info - done
[0.212s] -- Check for working C compiler: /usr/bin/cc - skipped
[0.213s] -- Detecting C compile features
[0.213s] -- Detecting C compile features - done
[0.219s] -- Detecting CXX compiler ABI info
[0.299s] -- Detecting CXX compiler ABI info - done
[0.305s] -- Check for working CXX compiler: /usr/bin/c++ - skipped
[0.305s] -- Detecting CXX compile features
[0.306s] -- Detecting CXX compile features - done
[0.310s] -- Found ament_cmake: 2.5.6 (/opt/ros/jazzy/share/ament_cmake/cmake)
[0.398s] -- Found Python3: /usr/bin/python3 (found version "3.12.3") found components: Interpreter 
[0.485s] -- Found ament_lint_auto: 0.17.5 (/opt/ros/jazzy/share/ament_lint_auto/cmake)
[0.586s] -- Added test 'lint_cmake' to check CMake code style
[0.589s] -- Added test 'xmllint' to check XML markup files
[0.595s] -- Configuring done (0.6s)
[0.607s] -- Generating done (0.0s)
[0.634s] -- Build files have been written to: /workspace/build/arm_description_pkg
[0.635s] Invoked command in '/workspace/build/arm_description_pkg' returned '0': CMAKE_PREFIX_PATH=${CMAKE_PREFIX_PATH}:/workspace/install/servo_pkg:/opt/ros/jazzy /usr/bin/cmake /workspace/src/arm_description_pkg -DCMAKE_INSTALL_PREFIX=/workspace/install/arm_description_pkg
[0.636s] Invoking command in '/workspace/build/arm_description_pkg': CMAKE_PREFIX_PATH=${CMAKE_PREFIX_PATH}:/workspace/install/servo_pkg:/opt/ros/jazzy /usr/bin/cmake --build /workspace/build/arm_description_pkg -- -j4 -l4
[0.660s] Invoked command in '/workspace/build/arm_description_pkg' returned '0': CMAKE_PREFIX_PATH=${CMAKE_PREFIX_PATH}:/workspace/install/servo_pkg:/opt/ros/jazzy /usr/bin/cmake --build /workspace/build/arm_description_pkg -- -j4 -l4
[0.667s] Invoking command in '/workspace/build/arm_description_pkg': CMAKE_PREFIX_PATH=${CMAKE_PREFIX_PATH}:/workspace/install/servo_pkg:/opt/ros/jazzy /usr/bin/cmake --install /workspace/build/arm_description_pkg
[0.671s] -- Install configuration: ""
[0.671s] -- Installing: /workspace/install/arm_description_pkg/share/ament_index/resource_index/package_run_dependencies/arm_description_pkg
[0.672s] -- Installing: /workspace/install/arm_description_pkg/share/ament_index/resource_index/parent_prefix_path/arm_description_pkg
[0.673s] -- Installing: /workspace/install/arm_description_pkg/share/arm_description_pkg/environment/ament_prefix_path.sh
[0.673s] -- Installing: /workspace/install/arm_description_pkg/share/arm_description_pkg/environment/ament_prefix_path.dsv
[0.674s] -- Installing: /workspace/install/arm_description_pkg/share/arm_description_pkg/environment/path.sh
[0.676s] -- Installing: /workspace/install/arm_description_pkg/share/arm_description_pkg/environment/path.dsv
[0.676s] -- Installing: /workspace/install/arm_description_pkg/share/arm_description_pkg/local_setup.bash
[0.677s] -- Installing: /workspace/install/arm_description_pkg/share/arm_description_pkg/local_setup.sh
[0.678s] -- Installing: /workspace/install/arm_description_pkg/share/arm_description_pkg/local_setup.zsh
[0.679s] -- Installing: /workspace/install/arm_description_pkg/share/arm_description_pkg/local_setup.dsv
[0.679s] -- Installing: /workspace/install/arm_description_pkg/share/arm_description_pkg/package.dsv
[0.680s] -- Installing: /workspace/install/arm_description_pkg/share/ament_index/resource_index/packages/arm_description_pkg
[0.681s] -- Installing: /workspace/install/arm_description_pkg/share/arm_description_pkg/cmake/arm_description_pkgConfig.cmake
[0.681s] -- Installing: /workspace/install/arm_description_pkg/share/arm_description_pkg/cmake/arm_description_pkgConfig-version.cmake
[0.682s] -- Installing: /workspace/install/arm_description_pkg/share/arm_description_pkg/package.xml
[0.683s] Invoked command in '/workspace/build/arm_description_pkg' returned '0': CMAKE_PREFIX_PATH=${CMAKE_PREFIX_PATH}:/workspace/install/servo_pkg:/opt/ros/jazzy /usr/bin/cmake --install /workspace/build/arm_description_pkg
