[0.024s] Invoking command in '/workspace/build/arm_moveit_config': AMENT_PREFIX_PATH=/workspace/install/arm_description_pkg:${AMENT_PREFIX_PATH} CMAKE_PREFIX_PATH=/workspace/install/arm_description_pkg:/opt/ros/jazzy/opt/gz_sim_vendor:/opt/ros/jazzy/opt/gz_sensors_vendor:/opt/ros/jazzy/opt/gz_physics_vendor:/opt/ros/jazzy/opt/sdformat_vendor:/opt/ros/jazzy/opt/gz_gui_vendor:/opt/ros/jazzy/opt/gz_transport_vendor:/opt/ros/jazzy/opt/gz_rendering_vendor:/opt/ros/jazzy/opt/gz_plugin_vendor:/opt/ros/jazzy/opt/gz_fuel_tools_vendor:/opt/ros/jazzy/opt/gz_msgs_vendor:/opt/ros/jazzy/opt/gz_common_vendor:/opt/ros/jazzy/opt/gz_math_vendor:/opt/ros/jazzy/opt/gz_utils_vendor:/opt/ros/jazzy/opt/gz_tools_vendor:/opt/ros/jazzy/opt/gz_ogre_next_vendor:/opt/ros/jazzy/opt/gz_dartsim_vendor:/opt/ros/jazzy/opt/gz_cmake_vendor:/opt/ros/jazzy /usr/bin/cmake /workspace/src/arm_moveit_config -DAMENT_CMAKE_SYMLINK_INSTALL=1 -DCMAKE_INSTALL_PREFIX=/workspace/install/arm_moveit_config
[0.105s] -- Found ament_cmake: 2.5.6 (/opt/ros/jazzy/share/ament_cmake/cmake)
[0.474s] -- Override CMake install command with custom implementation using symlinks instead of copying resources
[0.644s] -- Configuring done (0.6s)
[0.656s] -- Generating done (0.0s)
[0.661s] -- Build files have been written to: /workspace/build/arm_moveit_config
[0.667s] Invoked command in '/workspace/build/arm_moveit_config' returned '0': AMENT_PREFIX_PATH=/workspace/install/arm_description_pkg:${AMENT_PREFIX_PATH} CMAKE_PREFIX_PATH=/workspace/install/arm_description_pkg:/opt/ros/jazzy/opt/gz_sim_vendor:/opt/ros/jazzy/opt/gz_sensors_vendor:/opt/ros/jazzy/opt/gz_physics_vendor:/opt/ros/jazzy/opt/sdformat_vendor:/opt/ros/jazzy/opt/gz_gui_vendor:/opt/ros/jazzy/opt/gz_transport_vendor:/opt/ros/jazzy/opt/gz_rendering_vendor:/opt/ros/jazzy/opt/gz_plugin_vendor:/opt/ros/jazzy/opt/gz_fuel_tools_vendor:/opt/ros/jazzy/opt/gz_msgs_vendor:/opt/ros/jazzy/opt/gz_common_vendor:/opt/ros/jazzy/opt/gz_math_vendor:/opt/ros/jazzy/opt/gz_utils_vendor:/opt/ros/jazzy/opt/gz_tools_vendor:/opt/ros/jazzy/opt/gz_ogre_next_vendor:/opt/ros/jazzy/opt/gz_dartsim_vendor:/opt/ros/jazzy/opt/gz_cmake_vendor:/opt/ros/jazzy /usr/bin/cmake /workspace/src/arm_moveit_config -DAMENT_CMAKE_SYMLINK_INSTALL=1 -DCMAKE_INSTALL_PREFIX=/workspace/install/arm_moveit_config
[0.668s] Invoking command in '/workspace/build/arm_moveit_config': AMENT_PREFIX_PATH=/workspace/install/arm_description_pkg:${AMENT_PREFIX_PATH} CMAKE_PREFIX_PATH=/workspace/install/arm_description_pkg:/opt/ros/jazzy/opt/gz_sim_vendor:/opt/ros/jazzy/opt/gz_sensors_vendor:/opt/ros/jazzy/opt/gz_physics_vendor:/opt/ros/jazzy/opt/sdformat_vendor:/opt/ros/jazzy/opt/gz_gui_vendor:/opt/ros/jazzy/opt/gz_transport_vendor:/opt/ros/jazzy/opt/gz_rendering_vendor:/opt/ros/jazzy/opt/gz_plugin_vendor:/opt/ros/jazzy/opt/gz_fuel_tools_vendor:/opt/ros/jazzy/opt/gz_msgs_vendor:/opt/ros/jazzy/opt/gz_common_vendor:/opt/ros/jazzy/opt/gz_math_vendor:/opt/ros/jazzy/opt/gz_utils_vendor:/opt/ros/jazzy/opt/gz_tools_vendor:/opt/ros/jazzy/opt/gz_ogre_next_vendor:/opt/ros/jazzy/opt/gz_dartsim_vendor:/opt/ros/jazzy/opt/gz_cmake_vendor:/opt/ros/jazzy /usr/bin/cmake --build /workspace/build/arm_moveit_config -- -j4 -l4
[0.734s] Invoked command in '/workspace/build/arm_moveit_config' returned '0': AMENT_PREFIX_PATH=/workspace/install/arm_description_pkg:${AMENT_PREFIX_PATH} CMAKE_PREFIX_PATH=/workspace/install/arm_description_pkg:/opt/ros/jazzy/opt/gz_sim_vendor:/opt/ros/jazzy/opt/gz_sensors_vendor:/opt/ros/jazzy/opt/gz_physics_vendor:/opt/ros/jazzy/opt/sdformat_vendor:/opt/ros/jazzy/opt/gz_gui_vendor:/opt/ros/jazzy/opt/gz_transport_vendor:/opt/ros/jazzy/opt/gz_rendering_vendor:/opt/ros/jazzy/opt/gz_plugin_vendor:/opt/ros/jazzy/opt/gz_fuel_tools_vendor:/opt/ros/jazzy/opt/gz_msgs_vendor:/opt/ros/jazzy/opt/gz_common_vendor:/opt/ros/jazzy/opt/gz_math_vendor:/opt/ros/jazzy/opt/gz_utils_vendor:/opt/ros/jazzy/opt/gz_tools_vendor:/opt/ros/jazzy/opt/gz_ogre_next_vendor:/opt/ros/jazzy/opt/gz_dartsim_vendor:/opt/ros/jazzy/opt/gz_cmake_vendor:/opt/ros/jazzy /usr/bin/cmake --build /workspace/build/arm_moveit_config -- -j4 -l4
[0.752s] Invoking command in '/workspace/build/arm_moveit_config': AMENT_PREFIX_PATH=/workspace/install/arm_description_pkg:${AMENT_PREFIX_PATH} CMAKE_PREFIX_PATH=/workspace/install/arm_description_pkg:/opt/ros/jazzy/opt/gz_sim_vendor:/opt/ros/jazzy/opt/gz_sensors_vendor:/opt/ros/jazzy/opt/gz_physics_vendor:/opt/ros/jazzy/opt/sdformat_vendor:/opt/ros/jazzy/opt/gz_gui_vendor:/opt/ros/jazzy/opt/gz_transport_vendor:/opt/ros/jazzy/opt/gz_rendering_vendor:/opt/ros/jazzy/opt/gz_plugin_vendor:/opt/ros/jazzy/opt/gz_fuel_tools_vendor:/opt/ros/jazzy/opt/gz_msgs_vendor:/opt/ros/jazzy/opt/gz_common_vendor:/opt/ros/jazzy/opt/gz_math_vendor:/opt/ros/jazzy/opt/gz_utils_vendor:/opt/ros/jazzy/opt/gz_tools_vendor:/opt/ros/jazzy/opt/gz_ogre_next_vendor:/opt/ros/jazzy/opt/gz_dartsim_vendor:/opt/ros/jazzy/opt/gz_cmake_vendor:/opt/ros/jazzy /usr/bin/cmake --install /workspace/build/arm_moveit_config
[0.768s] -- Install configuration: ""
[0.769s] -- Execute custom install script
[0.770s] -- Up-to-date symlink: /workspace/install/arm_moveit_config/share/ament_index/resource_index/package_run_dependencies/arm_moveit_config
[0.770s] -- Up-to-date symlink: /workspace/install/arm_moveit_config/share/ament_index/resource_index/parent_prefix_path/arm_moveit_config
[0.770s] -- Up-to-date symlink: /workspace/install/arm_moveit_config/share/arm_moveit_config/environment/ament_prefix_path.sh
[0.770s] -- Up-to-date symlink: /workspace/install/arm_moveit_config/share/arm_moveit_config/environment/ament_prefix_path.dsv
[0.770s] -- Up-to-date symlink: /workspace/install/arm_moveit_config/share/arm_moveit_config/environment/path.sh
[0.771s] -- Up-to-date symlink: /workspace/install/arm_moveit_config/share/arm_moveit_config/environment/path.dsv
[0.771s] -- Up-to-date symlink: /workspace/install/arm_moveit_config/share/arm_moveit_config/local_setup.bash
[0.774s] -- Up-to-date symlink: /workspace/install/arm_moveit_config/share/arm_moveit_config/local_setup.sh
[0.774s] -- Up-to-date symlink: /workspace/install/arm_moveit_config/share/arm_moveit_config/local_setup.zsh
[0.774s] -- Up-to-date symlink: /workspace/install/arm_moveit_config/share/arm_moveit_config/local_setup.dsv
[0.774s] -- Symlinking: /workspace/install/arm_moveit_config/share/arm_moveit_config/package.dsv
[0.790s] -- Up-to-date symlink: /workspace/install/arm_moveit_config/share/ament_index/resource_index/packages/arm_moveit_config
[0.791s] -- Up-to-date symlink: /workspace/install/arm_moveit_config/share/arm_moveit_config/cmake/arm_moveit_configConfig.cmake
[0.791s] -- Up-to-date symlink: /workspace/install/arm_moveit_config/share/arm_moveit_config/cmake/arm_moveit_configConfig-version.cmake
[0.791s] -- Up-to-date symlink: /workspace/install/arm_moveit_config/share/arm_moveit_config/package.xml
[0.792s] -- Up-to-date symlink: /workspace/install/arm_moveit_config/share/arm_moveit_config/launch/demo.launch.py
[0.793s] -- Up-to-date symlink: /workspace/install/arm_moveit_config/share/arm_moveit_config/launch/move_group.launch.py
[0.793s] -- Up-to-date symlink: /workspace/install/arm_moveit_config/share/arm_moveit_config/launch/moveit_rviz.launch.py
[0.793s] -- Up-to-date symlink: /workspace/install/arm_moveit_config/share/arm_moveit_config/launch/rsp.launch.py
[0.793s] -- Up-to-date symlink: /workspace/install/arm_moveit_config/share/arm_moveit_config/launch/setup_assistant.launch.py
[0.793s] -- Up-to-date symlink: /workspace/install/arm_moveit_config/share/arm_moveit_config/launch/spawn_controllers.launch.py
[0.793s] -- Up-to-date symlink: /workspace/install/arm_moveit_config/share/arm_moveit_config/launch/static_virtual_joint_tfs.launch.py
[0.794s] -- Up-to-date symlink: /workspace/install/arm_moveit_config/share/arm_moveit_config/launch/warehouse_db.launch.py
[0.794s] -- Up-to-date symlink: /workspace/install/arm_moveit_config/share/arm_moveit_config/config/custom_6dof_arm_final.ros2_control.xacro
[0.797s] -- Up-to-date symlink: /workspace/install/arm_moveit_config/share/arm_moveit_config/config/custom_6dof_arm_final.srdf
[0.797s] -- Up-to-date symlink: /workspace/install/arm_moveit_config/share/arm_moveit_config/config/custom_6dof_arm_final.urdf.xacro
[0.797s] -- Up-to-date symlink: /workspace/install/arm_moveit_config/share/arm_moveit_config/config/initial_positions.yaml
[0.797s] -- Up-to-date symlink: /workspace/install/arm_moveit_config/share/arm_moveit_config/config/joint_limits.yaml
[0.797s] -- Up-to-date symlink: /workspace/install/arm_moveit_config/share/arm_moveit_config/config/kinematics.yaml
[0.797s] -- Up-to-date symlink: /workspace/install/arm_moveit_config/share/arm_moveit_config/config/moveit.rviz
[0.798s] -- Up-to-date symlink: /workspace/install/arm_moveit_config/share/arm_moveit_config/config/moveit_controllers.yaml
[0.798s] -- Up-to-date symlink: /workspace/install/arm_moveit_config/share/arm_moveit_config/config/pilz_cartesian_limits.yaml
[0.798s] -- Up-to-date symlink: /workspace/install/arm_moveit_config/share/arm_moveit_config/config/ros2_controllers.yaml
[0.798s] -- Up-to-date symlink: /workspace/install/arm_moveit_config/share/arm_moveit_config/.setup_assistant
[0.800s] Invoked command in '/workspace/build/arm_moveit_config' returned '0': AMENT_PREFIX_PATH=/workspace/install/arm_description_pkg:${AMENT_PREFIX_PATH} CMAKE_PREFIX_PATH=/workspace/install/arm_description_pkg:/opt/ros/jazzy/opt/gz_sim_vendor:/opt/ros/jazzy/opt/gz_sensors_vendor:/opt/ros/jazzy/opt/gz_physics_vendor:/opt/ros/jazzy/opt/sdformat_vendor:/opt/ros/jazzy/opt/gz_gui_vendor:/opt/ros/jazzy/opt/gz_transport_vendor:/opt/ros/jazzy/opt/gz_rendering_vendor:/opt/ros/jazzy/opt/gz_plugin_vendor:/opt/ros/jazzy/opt/gz_fuel_tools_vendor:/opt/ros/jazzy/opt/gz_msgs_vendor:/opt/ros/jazzy/opt/gz_common_vendor:/opt/ros/jazzy/opt/gz_math_vendor:/opt/ros/jazzy/opt/gz_utils_vendor:/opt/ros/jazzy/opt/gz_tools_vendor:/opt/ros/jazzy/opt/gz_ogre_next_vendor:/opt/ros/jazzy/opt/gz_dartsim_vendor:/opt/ros/jazzy/opt/gz_cmake_vendor:/opt/ros/jazzy /usr/bin/cmake --install /workspace/build/arm_moveit_config
