[0.110s] Invoking command in '/workspace/build/arm_description_pkg': CMAKE_PREFIX_PATH=${CMAKE_PREFIX_PATH}:/workspace/install/servo_pkg:/opt/ros/jazzy /usr/bin/cmake /workspace/src/arm_description_pkg -DAMENT_CMAKE_SYMLINK_INSTALL=1 -DCMAKE_INSTALL_PREFIX=/workspace/install/arm_description_pkg
[0.506s] -- Found ament_cmake: 2.5.6 (/opt/ros/jazzy/share/ament_cmake/cmake)
[2.219s] -- Override CMake install command with custom implementation using symlinks instead of copying resources
[2.336s] -- Found ament_lint_auto: 0.17.5 (/opt/ros/jazzy/share/ament_lint_auto/cmake)
[3.108s] -- Added test 'lint_cmake' to check CMake code style
[3.117s] -- Added test 'xmllint' to check XML markup files
[3.128s] -- Configuring done (2.8s)
[3.172s] -- Generating done (0.0s)
[3.195s] -- Build files have been written to: /workspace/build/arm_description_pkg
[3.220s] Invoked command in '/workspace/build/arm_description_pkg' returned '0': CMAKE_PREFIX_PATH=${CMAKE_PREFIX_PATH}:/workspace/install/servo_pkg:/opt/ros/jazzy /usr/bin/cmake /workspace/src/arm_description_pkg -DAMENT_CMAKE_SYMLINK_INSTALL=1 -DCMAKE_INSTALL_PREFIX=/workspace/install/arm_description_pkg
[3.227s] Invoking command in '/workspace/build/arm_description_pkg': CMAKE_PREFIX_PATH=${CMAKE_PREFIX_PATH}:/workspace/install/servo_pkg:/opt/ros/jazzy /usr/bin/cmake --build /workspace/build/arm_description_pkg -- -j4 -l4
[3.534s] Invoked command in '/workspace/build/arm_description_pkg' returned '0': CMAKE_PREFIX_PATH=${CMAKE_PREFIX_PATH}:/workspace/install/servo_pkg:/opt/ros/jazzy /usr/bin/cmake --build /workspace/build/arm_description_pkg -- -j4 -l4
[3.618s] Invoking command in '/workspace/build/arm_description_pkg': CMAKE_PREFIX_PATH=${CMAKE_PREFIX_PATH}:/workspace/install/servo_pkg:/opt/ros/jazzy /usr/bin/cmake --install /workspace/build/arm_description_pkg
[3.691s] -- Install configuration: ""
[3.694s] -- Execute custom install script
[3.707s] -- Up-to-date symlink: /workspace/install/arm_description_pkg/share/arm_description_pkg/urdf/idk_arm.urdf
[3.712s] -- Up-to-date symlink: /workspace/install/arm_description_pkg/share/arm_description_pkg/urdf/robotic_arm.urdf
[3.716s] -- Up-to-date symlink: /workspace/install/arm_description_pkg/share/ament_index/resource_index/package_run_dependencies/arm_description_pkg
[3.722s] -- Up-to-date symlink: /workspace/install/arm_description_pkg/share/ament_index/resource_index/parent_prefix_path/arm_description_pkg
[3.726s] -- Up-to-date symlink: /workspace/install/arm_description_pkg/share/arm_description_pkg/environment/ament_prefix_path.sh
[3.731s] -- Up-to-date symlink: /workspace/install/arm_description_pkg/share/arm_description_pkg/environment/ament_prefix_path.dsv
[3.732s] -- Up-to-date symlink: /workspace/install/arm_description_pkg/share/arm_description_pkg/environment/path.sh
[3.740s] -- Up-to-date symlink: /workspace/install/arm_description_pkg/share/arm_description_pkg/environment/path.dsv
[3.743s] -- Up-to-date symlink: /workspace/install/arm_description_pkg/share/arm_description_pkg/local_setup.bash
[3.749s] -- Up-to-date symlink: /workspace/install/arm_description_pkg/share/arm_description_pkg/local_setup.sh
[3.751s] -- Up-to-date symlink: /workspace/install/arm_description_pkg/share/arm_description_pkg/local_setup.zsh
[3.756s] -- Up-to-date symlink: /workspace/install/arm_description_pkg/share/arm_description_pkg/local_setup.dsv
[3.760s] -- Symlinking: /workspace/install/arm_description_pkg/share/arm_description_pkg/package.dsv
[3.788s] -- Up-to-date symlink: /workspace/install/arm_description_pkg/share/ament_index/resource_index/packages/arm_description_pkg
[3.792s] -- Up-to-date symlink: /workspace/install/arm_description_pkg/share/arm_description_pkg/cmake/arm_description_pkgConfig.cmake
[3.794s] -- Up-to-date symlink: /workspace/install/arm_description_pkg/share/arm_description_pkg/cmake/arm_description_pkgConfig-version.cmake
[3.795s] -- Up-to-date symlink: /workspace/install/arm_description_pkg/share/arm_description_pkg/package.xml
[3.809s] Invoked command in '/workspace/build/arm_description_pkg' returned '0': CMAKE_PREFIX_PATH=${CMAKE_PREFIX_PATH}:/workspace/install/servo_pkg:/opt/ros/jazzy /usr/bin/cmake --install /workspace/build/arm_description_pkg
