running egg_info
writing ../../build/servo_pkg/servo_pkg.egg-info/PKG-INFO
writing dependency_links to ../../build/servo_pkg/servo_pkg.egg-info/dependency_links.txt
writing entry points to ../../build/servo_pkg/servo_pkg.egg-info/entry_points.txt
writing requirements to ../../build/servo_pkg/servo_pkg.egg-info/requires.txt
writing top-level names to ../../build/servo_pkg/servo_pkg.egg-info/top_level.txt
reading manifest file '../../build/servo_pkg/servo_pkg.egg-info/SOURCES.txt'
writing manifest file '../../build/servo_pkg/servo_pkg.egg-info/SOURCES.txt'
running build
running build_py
copying servo_pkg/virtual_sevo_node.py -> /workspace/build/servo_pkg/build/lib/servo_pkg
running install
running install_lib
copying /workspace/build/servo_pkg/build/lib/servo_pkg/virtual_sevo_node.py -> /workspace/install/servo_pkg/lib/python3.12/site-packages/servo_pkg
byte-compiling /workspace/install/servo_pkg/lib/python3.12/site-packages/servo_pkg/virtual_sevo_node.py to virtual_sevo_node.cpython-312.pyc
running install_data
running install_egg_info
removing '/workspace/install/servo_pkg/lib/python3.12/site-packages/servo_pkg-0.0.0-py3.12.egg-info' (and everything under it)
Copying ../../build/servo_pkg/servo_pkg.egg-info to /workspace/install/servo_pkg/lib/python3.12/site-packages/servo_pkg-0.0.0-py3.12.egg-info
running install_scripts
Installing servo_node script to /workspace/install/servo_pkg/lib/servo_pkg
writing list of installed files to '/workspace/build/servo_pkg/install.log'
