[0.105s] Invoking command in '/workspace/build/arm_moveit_config': CMAKE_PREFIX_PATH=/workspace/install/arm_description_pkg:/workspace/install/pymoveit2:/workspace/install/deptrum-ros-driver-aurora930:/workspace/install/arm_moveit_config:/opt/ros/jazzy/opt/gz_sim_vendor:/opt/ros/jazzy/opt/gz_sensors_vendor:/opt/ros/jazzy/opt/gz_physics_vendor:/opt/ros/jazzy/opt/sdformat_vendor:/opt/ros/jazzy/opt/gz_gui_vendor:/opt/ros/jazzy/opt/gz_transport_vendor:/opt/ros/jazzy/opt/gz_rendering_vendor:/opt/ros/jazzy/opt/gz_plugin_vendor:/opt/ros/jazzy/opt/gz_fuel_tools_vendor:/opt/ros/jazzy/opt/gz_msgs_vendor:/opt/ros/jazzy/opt/gz_common_vendor:/opt/ros/jazzy/opt/gz_math_vendor:/opt/ros/jazzy/opt/gz_utils_vendor:/opt/ros/jazzy/opt/gz_tools_vendor:/opt/ros/jazzy/opt/gz_ogre_next_vendor:/opt/ros/jazzy/opt/gz_dartsim_vendor:/opt/ros/jazzy/opt/gz_cmake_vendor:/workspace/install/servo_pkg:/opt/ros/jazzy /usr/bin/cmake --build /workspace/build/arm_moveit_config -- -j4 -l4
[0.602s] Invoked command in '/workspace/build/arm_moveit_config' returned '0': CMAKE_PREFIX_PATH=/workspace/install/arm_description_pkg:/workspace/install/pymoveit2:/workspace/install/deptrum-ros-driver-aurora930:/workspace/install/arm_moveit_config:/opt/ros/jazzy/opt/gz_sim_vendor:/opt/ros/jazzy/opt/gz_sensors_vendor:/opt/ros/jazzy/opt/gz_physics_vendor:/opt/ros/jazzy/opt/sdformat_vendor:/opt/ros/jazzy/opt/gz_gui_vendor:/opt/ros/jazzy/opt/gz_transport_vendor:/opt/ros/jazzy/opt/gz_rendering_vendor:/opt/ros/jazzy/opt/gz_plugin_vendor:/opt/ros/jazzy/opt/gz_fuel_tools_vendor:/opt/ros/jazzy/opt/gz_msgs_vendor:/opt/ros/jazzy/opt/gz_common_vendor:/opt/ros/jazzy/opt/gz_math_vendor:/opt/ros/jazzy/opt/gz_utils_vendor:/opt/ros/jazzy/opt/gz_tools_vendor:/opt/ros/jazzy/opt/gz_ogre_next_vendor:/opt/ros/jazzy/opt/gz_dartsim_vendor:/opt/ros/jazzy/opt/gz_cmake_vendor:/workspace/install/servo_pkg:/opt/ros/jazzy /usr/bin/cmake --build /workspace/build/arm_moveit_config -- -j4 -l4
[0.611s] Invoking command in '/workspace/build/arm_moveit_config': CMAKE_PREFIX_PATH=/workspace/install/arm_description_pkg:/workspace/install/pymoveit2:/workspace/install/deptrum-ros-driver-aurora930:/workspace/install/arm_moveit_config:/opt/ros/jazzy/opt/gz_sim_vendor:/opt/ros/jazzy/opt/gz_sensors_vendor:/opt/ros/jazzy/opt/gz_physics_vendor:/opt/ros/jazzy/opt/sdformat_vendor:/opt/ros/jazzy/opt/gz_gui_vendor:/opt/ros/jazzy/opt/gz_transport_vendor:/opt/ros/jazzy/opt/gz_rendering_vendor:/opt/ros/jazzy/opt/gz_plugin_vendor:/opt/ros/jazzy/opt/gz_fuel_tools_vendor:/opt/ros/jazzy/opt/gz_msgs_vendor:/opt/ros/jazzy/opt/gz_common_vendor:/opt/ros/jazzy/opt/gz_math_vendor:/opt/ros/jazzy/opt/gz_utils_vendor:/opt/ros/jazzy/opt/gz_tools_vendor:/opt/ros/jazzy/opt/gz_ogre_next_vendor:/opt/ros/jazzy/opt/gz_dartsim_vendor:/opt/ros/jazzy/opt/gz_cmake_vendor:/workspace/install/servo_pkg:/opt/ros/jazzy /usr/bin/cmake --install /workspace/build/arm_moveit_config
[0.739s] -- Install configuration: ""
[0.747s] -- Execute custom install script
[0.751s] -- Up-to-date symlink: /workspace/install/arm_moveit_config/share/ament_index/resource_index/package_run_dependencies/arm_moveit_config
[0.757s] -- Up-to-date symlink: /workspace/install/arm_moveit_config/share/ament_index/resource_index/parent_prefix_path/arm_moveit_config
[0.765s] -- Up-to-date symlink: /workspace/install/arm_moveit_config/share/arm_moveit_config/environment/ament_prefix_path.sh
[0.771s] -- Up-to-date symlink: /workspace/install/arm_moveit_config/share/arm_moveit_config/environment/ament_prefix_path.dsv
[0.774s] -- Up-to-date symlink: /workspace/install/arm_moveit_config/share/arm_moveit_config/environment/path.sh
[0.780s] -- Up-to-date symlink: /workspace/install/arm_moveit_config/share/arm_moveit_config/environment/path.dsv
[0.786s] -- Up-to-date symlink: /workspace/install/arm_moveit_config/share/arm_moveit_config/local_setup.bash
[0.793s] -- Up-to-date symlink: /workspace/install/arm_moveit_config/share/arm_moveit_config/local_setup.sh
[0.800s] -- Up-to-date symlink: /workspace/install/arm_moveit_config/share/arm_moveit_config/local_setup.zsh
[0.801s] -- Up-to-date symlink: /workspace/install/arm_moveit_config/share/arm_moveit_config/local_setup.dsv
[0.806s] -- Symlinking: /workspace/install/arm_moveit_config/share/arm_moveit_config/package.dsv
[0.952s] -- Up-to-date symlink: /workspace/install/arm_moveit_config/share/ament_index/resource_index/packages/arm_moveit_config
[0.971s] -- Up-to-date symlink: /workspace/install/arm_moveit_config/share/arm_moveit_config/cmake/arm_moveit_configConfig.cmake
[0.972s] -- Up-to-date symlink: /workspace/install/arm_moveit_config/share/arm_moveit_config/cmake/arm_moveit_configConfig-version.cmake
[0.980s] -- Up-to-date symlink: /workspace/install/arm_moveit_config/share/arm_moveit_config/package.xml
[0.986s] -- Up-to-date symlink: /workspace/install/arm_moveit_config/share/arm_moveit_config/launch/demo.launch.py
[0.990s] -- Up-to-date symlink: /workspace/install/arm_moveit_config/share/arm_moveit_config/launch/move_group.launch.py
[1.004s] -- Up-to-date symlink: /workspace/install/arm_moveit_config/share/arm_moveit_config/launch/moveit_rviz.launch.py
[1.008s] -- Up-to-date symlink: /workspace/install/arm_moveit_config/share/arm_moveit_config/launch/rsp.launch.py
[1.014s] -- Up-to-date symlink: /workspace/install/arm_moveit_config/share/arm_moveit_config/launch/setup_assistant.launch.py
[1.027s] -- Up-to-date symlink: /workspace/install/arm_moveit_config/share/arm_moveit_config/launch/spawn_controllers.launch.py
[1.029s] -- Up-to-date symlink: /workspace/install/arm_moveit_config/share/arm_moveit_config/launch/static_virtual_joint_tfs.launch.py
[1.030s] -- Up-to-date symlink: /workspace/install/arm_moveit_config/share/arm_moveit_config/launch/warehouse_db.launch.py
[1.041s] -- Up-to-date symlink: /workspace/install/arm_moveit_config/share/arm_moveit_config/config/custom_6dof_arm_final.ros2_control.xacro
[1.050s] -- Up-to-date symlink: /workspace/install/arm_moveit_config/share/arm_moveit_config/config/custom_6dof_arm_final.srdf
[1.056s] -- Up-to-date symlink: /workspace/install/arm_moveit_config/share/arm_moveit_config/config/custom_6dof_arm_final.urdf.xacro
[1.060s] -- Up-to-date symlink: /workspace/install/arm_moveit_config/share/arm_moveit_config/config/initial_positions.yaml
[1.064s] -- Up-to-date symlink: /workspace/install/arm_moveit_config/share/arm_moveit_config/config/joint_limits.yaml
[1.074s] -- Up-to-date symlink: /workspace/install/arm_moveit_config/share/arm_moveit_config/config/kinematics.yaml
[1.075s] -- Up-to-date symlink: /workspace/install/arm_moveit_config/share/arm_moveit_config/config/moveit.rviz
[1.075s] -- Up-to-date symlink: /workspace/install/arm_moveit_config/share/arm_moveit_config/config/moveit_controllers.yaml
[1.076s] -- Up-to-date symlink: /workspace/install/arm_moveit_config/share/arm_moveit_config/config/pilz_cartesian_limits.yaml
[1.080s] -- Up-to-date symlink: /workspace/install/arm_moveit_config/share/arm_moveit_config/config/ros2_controllers.yaml
[1.084s] -- Up-to-date symlink: /workspace/install/arm_moveit_config/share/arm_moveit_config/.setup_assistant
[1.097s] Invoked command in '/workspace/build/arm_moveit_config' returned '0': CMAKE_PREFIX_PATH=/workspace/install/arm_description_pkg:/workspace/install/pymoveit2:/workspace/install/deptrum-ros-driver-aurora930:/workspace/install/arm_moveit_config:/opt/ros/jazzy/opt/gz_sim_vendor:/opt/ros/jazzy/opt/gz_sensors_vendor:/opt/ros/jazzy/opt/gz_physics_vendor:/opt/ros/jazzy/opt/sdformat_vendor:/opt/ros/jazzy/opt/gz_gui_vendor:/opt/ros/jazzy/opt/gz_transport_vendor:/opt/ros/jazzy/opt/gz_rendering_vendor:/opt/ros/jazzy/opt/gz_plugin_vendor:/opt/ros/jazzy/opt/gz_fuel_tools_vendor:/opt/ros/jazzy/opt/gz_msgs_vendor:/opt/ros/jazzy/opt/gz_common_vendor:/opt/ros/jazzy/opt/gz_math_vendor:/opt/ros/jazzy/opt/gz_utils_vendor:/opt/ros/jazzy/opt/gz_tools_vendor:/opt/ros/jazzy/opt/gz_ogre_next_vendor:/opt/ros/jazzy/opt/gz_dartsim_vendor:/opt/ros/jazzy/opt/gz_cmake_vendor:/workspace/install/servo_pkg:/opt/ros/jazzy /usr/bin/cmake --install /workspace/build/arm_moveit_config
