[5.934s] Invoking command in '/workspace/src/servo_pkg': PYTHONPATH=/workspace/build/servo_pkg/prefix_override:/usr/lib/python3/dist-packages/colcon_core/task/python/colcon_distutils_commands:/workspace/install/servo_pkg/lib/python3.12/site-packages:${PYTHONPATH} /usr/bin/python3 -W ignore:setup.py install is deprecated -W ignore:easy_install command is deprecated setup.py egg_info --egg-base ../../build/servo_pkg build --build-base /workspace/build/servo_pkg/build install --record /workspace/build/servo_pkg/install.log --single-version-externally-managed install_data
[7.823s] running egg_info
[7.983s] writing ../../build/servo_pkg/servo_pkg.egg-info/PKG-INFO
[7.984s] writing dependency_links to ../../build/servo_pkg/servo_pkg.egg-info/dependency_links.txt
[7.985s] writing entry points to ../../build/servo_pkg/servo_pkg.egg-info/entry_points.txt
[7.986s] writing requirements to ../../build/servo_pkg/servo_pkg.egg-info/requires.txt
[7.987s] writing top-level names to ../../build/servo_pkg/servo_pkg.egg-info/top_level.txt
[8.304s] reading manifest file '../../build/servo_pkg/servo_pkg.egg-info/SOURCES.txt'
[8.311s] writing manifest file '../../build/servo_pkg/servo_pkg.egg-info/SOURCES.txt'
[8.312s] running build
[8.313s] running build_py
[8.315s] running install
[8.350s] running install_lib
[8.500s] running install_data
[8.502s] running install_egg_info
[8.654s] removing '/workspace/install/servo_pkg/lib/python3.12/site-packages/servo_pkg-0.0.0-py3.12.egg-info' (and everything under it)
[8.656s] Copying ../../build/servo_pkg/servo_pkg.egg-info to /workspace/install/servo_pkg/lib/python3.12/site-packages/servo_pkg-0.0.0-py3.12.egg-info
[8.661s] running install_scripts
[9.672s] Installing laptop_brain script to /workspace/install/servo_pkg/lib/servo_pkg
[9.673s] Installing laptop_test script to /workspace/install/servo_pkg/lib/servo_pkg
[9.674s] Installing servo_node script to /workspace/install/servo_pkg/lib/servo_pkg
[9.675s] Installing virtual_servo_node script to /workspace/install/servo_pkg/lib/servo_pkg
[9.681s] writing list of installed files to '/workspace/build/servo_pkg/install.log'
[9.823s] Invoked command in '/workspace/src/servo_pkg' returned '0': PYTHONPATH=/workspace/build/servo_pkg/prefix_override:/usr/lib/python3/dist-packages/colcon_core/task/python/colcon_distutils_commands:/workspace/install/servo_pkg/lib/python3.12/site-packages:${PYTHONPATH} /usr/bin/python3 -W ignore:setup.py install is deprecated -W ignore:easy_install command is deprecated setup.py egg_info --egg-base ../../build/servo_pkg build --build-base /workspace/build/servo_pkg/build install --record /workspace/build/servo_pkg/install.log --single-version-externally-managed install_data
