[0.060s] Invoking command in '/workspace/build/arm_moveit_config': CMAKE_PREFIX_PATH=/workspace/install/arm_description_pkg:/workspace/install/arm_moveit_config:/opt/ros/jazzy/opt/gz_sim_vendor:/opt/ros/jazzy/opt/gz_sensors_vendor:/opt/ros/jazzy/opt/gz_physics_vendor:/opt/ros/jazzy/opt/sdformat_vendor:/opt/ros/jazzy/opt/gz_gui_vendor:/opt/ros/jazzy/opt/gz_transport_vendor:/opt/ros/jazzy/opt/gz_rendering_vendor:/opt/ros/jazzy/opt/gz_plugin_vendor:/opt/ros/jazzy/opt/gz_fuel_tools_vendor:/opt/ros/jazzy/opt/gz_msgs_vendor:/opt/ros/jazzy/opt/gz_common_vendor:/opt/ros/jazzy/opt/gz_math_vendor:/opt/ros/jazzy/opt/gz_utils_vendor:/opt/ros/jazzy/opt/gz_tools_vendor:/opt/ros/jazzy/opt/gz_ogre_next_vendor:/opt/ros/jazzy/opt/gz_dartsim_vendor:/opt/ros/jazzy/opt/gz_cmake_vendor:/workspace/install/servo_pkg:/opt/ros/jazzy /usr/bin/cmake /workspace/src/arm_moveit_config -DCMAKE_INSTALL_PREFIX=/workspace/install/arm_moveit_config
[0.521s] -- The C compiler identification is GNU 13.3.0
[1.209s] -- The CXX compiler identification is GNU 13.3.0
[1.443s] -- Detecting C compiler ABI info
[2.367s] -- Detecting C compiler ABI info - done
[2.456s] -- Check for working C compiler: /usr/bin/cc - skipped
[2.458s] -- Detecting C compile features
[2.461s] -- Detecting C compile features - done
[2.510s] -- Detecting CXX compiler ABI info
[3.115s] -- Detecting CXX compiler ABI info - done
[3.203s] -- Check for working CXX compiler: /usr/bin/c++ - skipped
[3.205s] -- Detecting CXX compile features
[3.209s] -- Detecting CXX compile features - done
[3.253s] -- Found ament_cmake: 2.5.6 (/opt/ros/jazzy/share/ament_cmake/cmake)
[4.288s] -- Found Python3: /usr/bin/python3 (found version "3.12.3") found components: Interpreter 
[5.856s] -- Configuring done (5.7s)
[5.883s] -- Generating done (0.0s)
[5.896s] -- Build files have been written to: /workspace/build/arm_moveit_config
[5.925s] Invoked command in '/workspace/build/arm_moveit_config' returned '0': CMAKE_PREFIX_PATH=/workspace/install/arm_description_pkg:/workspace/install/arm_moveit_config:/opt/ros/jazzy/opt/gz_sim_vendor:/opt/ros/jazzy/opt/gz_sensors_vendor:/opt/ros/jazzy/opt/gz_physics_vendor:/opt/ros/jazzy/opt/sdformat_vendor:/opt/ros/jazzy/opt/gz_gui_vendor:/opt/ros/jazzy/opt/gz_transport_vendor:/opt/ros/jazzy/opt/gz_rendering_vendor:/opt/ros/jazzy/opt/gz_plugin_vendor:/opt/ros/jazzy/opt/gz_fuel_tools_vendor:/opt/ros/jazzy/opt/gz_msgs_vendor:/opt/ros/jazzy/opt/gz_common_vendor:/opt/ros/jazzy/opt/gz_math_vendor:/opt/ros/jazzy/opt/gz_utils_vendor:/opt/ros/jazzy/opt/gz_tools_vendor:/opt/ros/jazzy/opt/gz_ogre_next_vendor:/opt/ros/jazzy/opt/gz_dartsim_vendor:/opt/ros/jazzy/opt/gz_cmake_vendor:/workspace/install/servo_pkg:/opt/ros/jazzy /usr/bin/cmake /workspace/src/arm_moveit_config -DCMAKE_INSTALL_PREFIX=/workspace/install/arm_moveit_config
[5.933s] Invoking command in '/workspace/build/arm_moveit_config': CMAKE_PREFIX_PATH=/workspace/install/arm_description_pkg:/workspace/install/arm_moveit_config:/opt/ros/jazzy/opt/gz_sim_vendor:/opt/ros/jazzy/opt/gz_sensors_vendor:/opt/ros/jazzy/opt/gz_physics_vendor:/opt/ros/jazzy/opt/sdformat_vendor:/opt/ros/jazzy/opt/gz_gui_vendor:/opt/ros/jazzy/opt/gz_transport_vendor:/opt/ros/jazzy/opt/gz_rendering_vendor:/opt/ros/jazzy/opt/gz_plugin_vendor:/opt/ros/jazzy/opt/gz_fuel_tools_vendor:/opt/ros/jazzy/opt/gz_msgs_vendor:/opt/ros/jazzy/opt/gz_common_vendor:/opt/ros/jazzy/opt/gz_math_vendor:/opt/ros/jazzy/opt/gz_utils_vendor:/opt/ros/jazzy/opt/gz_tools_vendor:/opt/ros/jazzy/opt/gz_ogre_next_vendor:/opt/ros/jazzy/opt/gz_dartsim_vendor:/opt/ros/jazzy/opt/gz_cmake_vendor:/workspace/install/servo_pkg:/opt/ros/jazzy /usr/bin/cmake --build /workspace/build/arm_moveit_config -- -j4 -l4
[6.258s] Invoked command in '/workspace/build/arm_moveit_config' returned '0': CMAKE_PREFIX_PATH=/workspace/install/arm_description_pkg:/workspace/install/arm_moveit_config:/opt/ros/jazzy/opt/gz_sim_vendor:/opt/ros/jazzy/opt/gz_sensors_vendor:/opt/ros/jazzy/opt/gz_physics_vendor:/opt/ros/jazzy/opt/sdformat_vendor:/opt/ros/jazzy/opt/gz_gui_vendor:/opt/ros/jazzy/opt/gz_transport_vendor:/opt/ros/jazzy/opt/gz_rendering_vendor:/opt/ros/jazzy/opt/gz_plugin_vendor:/opt/ros/jazzy/opt/gz_fuel_tools_vendor:/opt/ros/jazzy/opt/gz_msgs_vendor:/opt/ros/jazzy/opt/gz_common_vendor:/opt/ros/jazzy/opt/gz_math_vendor:/opt/ros/jazzy/opt/gz_utils_vendor:/opt/ros/jazzy/opt/gz_tools_vendor:/opt/ros/jazzy/opt/gz_ogre_next_vendor:/opt/ros/jazzy/opt/gz_dartsim_vendor:/opt/ros/jazzy/opt/gz_cmake_vendor:/workspace/install/servo_pkg:/opt/ros/jazzy /usr/bin/cmake --build /workspace/build/arm_moveit_config -- -j4 -l4
[6.263s] Invoking command in '/workspace/build/arm_moveit_config': CMAKE_PREFIX_PATH=/workspace/install/arm_description_pkg:/workspace/install/arm_moveit_config:/opt/ros/jazzy/opt/gz_sim_vendor:/opt/ros/jazzy/opt/gz_sensors_vendor:/opt/ros/jazzy/opt/gz_physics_vendor:/opt/ros/jazzy/opt/sdformat_vendor:/opt/ros/jazzy/opt/gz_gui_vendor:/opt/ros/jazzy/opt/gz_transport_vendor:/opt/ros/jazzy/opt/gz_rendering_vendor:/opt/ros/jazzy/opt/gz_plugin_vendor:/opt/ros/jazzy/opt/gz_fuel_tools_vendor:/opt/ros/jazzy/opt/gz_msgs_vendor:/opt/ros/jazzy/opt/gz_common_vendor:/opt/ros/jazzy/opt/gz_math_vendor:/opt/ros/jazzy/opt/gz_utils_vendor:/opt/ros/jazzy/opt/gz_tools_vendor:/opt/ros/jazzy/opt/gz_ogre_next_vendor:/opt/ros/jazzy/opt/gz_dartsim_vendor:/opt/ros/jazzy/opt/gz_cmake_vendor:/workspace/install/servo_pkg:/opt/ros/jazzy /usr/bin/cmake --install /workspace/build/arm_moveit_config
[6.320s] -- Install configuration: ""
[6.329s] -- Installing: /workspace/install/arm_moveit_config/share/ament_index/resource_index/package_run_dependencies/arm_moveit_config
[6.331s] -- Installing: /workspace/install/arm_moveit_config/share/ament_index/resource_index/parent_prefix_path/arm_moveit_config
[6.332s] -- Installing: /workspace/install/arm_moveit_config/share/arm_moveit_config/environment/ament_prefix_path.sh
[6.332s] -- Installing: /workspace/install/arm_moveit_config/share/arm_moveit_config/environment/ament_prefix_path.dsv
[6.333s] -- Installing: /workspace/install/arm_moveit_config/share/arm_moveit_config/environment/path.sh
[6.334s] -- Installing: /workspace/install/arm_moveit_config/share/arm_moveit_config/environment/path.dsv
[6.336s] -- Installing: /workspace/install/arm_moveit_config/share/arm_moveit_config/local_setup.bash
[6.337s] -- Installing: /workspace/install/arm_moveit_config/share/arm_moveit_config/local_setup.sh
[6.338s] -- Installing: /workspace/install/arm_moveit_config/share/arm_moveit_config/local_setup.zsh
[6.338s] -- Installing: /workspace/install/arm_moveit_config/share/arm_moveit_config/local_setup.dsv
[6.339s] -- Installing: /workspace/install/arm_moveit_config/share/arm_moveit_config/package.dsv
[6.340s] -- Installing: /workspace/install/arm_moveit_config/share/ament_index/resource_index/packages/arm_moveit_config
[6.341s] -- Installing: /workspace/install/arm_moveit_config/share/arm_moveit_config/cmake/arm_moveit_configConfig.cmake
[6.342s] -- Installing: /workspace/install/arm_moveit_config/share/arm_moveit_config/cmake/arm_moveit_configConfig-version.cmake
[6.343s] -- Installing: /workspace/install/arm_moveit_config/share/arm_moveit_config/package.xml
[6.345s] -- Installing: /workspace/install/arm_moveit_config/share/arm_moveit_config/launch
[6.346s] -- Installing: /workspace/install/arm_moveit_config/share/arm_moveit_config/launch/demo.launch.py
[6.347s] -- Installing: /workspace/install/arm_moveit_config/share/arm_moveit_config/launch/spawn_controllers.launch.py
[6.348s] -- Installing: /workspace/install/arm_moveit_config/share/arm_moveit_config/launch/moveit_rviz.launch.py
[6.349s] -- Installing: /workspace/install/arm_moveit_config/share/arm_moveit_config/launch/rsp.launch.py
[6.350s] -- Installing: /workspace/install/arm_moveit_config/share/arm_moveit_config/launch/static_virtual_joint_tfs.launch.py
[6.352s] -- Installing: /workspace/install/arm_moveit_config/share/arm_moveit_config/launch/move_group.launch.py
[6.354s] -- Installing: /workspace/install/arm_moveit_config/share/arm_moveit_config/launch/warehouse_db.launch.py
[6.357s] -- Installing: /workspace/install/arm_moveit_config/share/arm_moveit_config/launch/setup_assistant.launch.py
[6.358s] -- Installing: /workspace/install/arm_moveit_config/share/arm_moveit_config/config
[6.360s] -- Installing: /workspace/install/arm_moveit_config/share/arm_moveit_config/config/custom_6dof_arm_final.srdf
[6.361s] -- Installing: /workspace/install/arm_moveit_config/share/arm_moveit_config/config/kinematics.yaml
[6.362s] -- Installing: /workspace/install/arm_moveit_config/share/arm_moveit_config/config/joint_limits.yaml
[6.362s] -- Installing: /workspace/install/arm_moveit_config/share/arm_moveit_config/config/moveit.rviz
[6.363s] -- Installing: /workspace/install/arm_moveit_config/share/arm_moveit_config/config/custom_6dof_arm_final.urdf.xacro
[6.364s] -- Installing: /workspace/install/arm_moveit_config/share/arm_moveit_config/config/initial_positions.yaml
[6.365s] -- Installing: /workspace/install/arm_moveit_config/share/arm_moveit_config/config/moveit_controllers.yaml
[6.366s] -- Installing: /workspace/install/arm_moveit_config/share/arm_moveit_config/config/ros2_controllers.yaml
[6.366s] -- Installing: /workspace/install/arm_moveit_config/share/arm_moveit_config/config/custom_6dof_arm_final.ros2_control.xacro
[6.367s] -- Installing: /workspace/install/arm_moveit_config/share/arm_moveit_config/config/pilz_cartesian_limits.yaml
[6.368s] -- Installing: /workspace/install/arm_moveit_config/share/arm_moveit_config/.setup_assistant
[6.386s] Invoked command in '/workspace/build/arm_moveit_config' returned '0': CMAKE_PREFIX_PATH=/workspace/install/arm_description_pkg:/workspace/install/arm_moveit_config:/opt/ros/jazzy/opt/gz_sim_vendor:/opt/ros/jazzy/opt/gz_sensors_vendor:/opt/ros/jazzy/opt/gz_physics_vendor:/opt/ros/jazzy/opt/sdformat_vendor:/opt/ros/jazzy/opt/gz_gui_vendor:/opt/ros/jazzy/opt/gz_transport_vendor:/opt/ros/jazzy/opt/gz_rendering_vendor:/opt/ros/jazzy/opt/gz_plugin_vendor:/opt/ros/jazzy/opt/gz_fuel_tools_vendor:/opt/ros/jazzy/opt/gz_msgs_vendor:/opt/ros/jazzy/opt/gz_common_vendor:/opt/ros/jazzy/opt/gz_math_vendor:/opt/ros/jazzy/opt/gz_utils_vendor:/opt/ros/jazzy/opt/gz_tools_vendor:/opt/ros/jazzy/opt/gz_ogre_next_vendor:/opt/ros/jazzy/opt/gz_dartsim_vendor:/opt/ros/jazzy/opt/gz_cmake_vendor:/workspace/install/servo_pkg:/opt/ros/jazzy /usr/bin/cmake --install /workspace/build/arm_moveit_config
