[0.354s] Invoking command in '/workspace/src/servo_pkg': PYTHONPATH=/workspace/build/servo_pkg/prefix_override:/usr/lib/python3/dist-packages/colcon_core/task/python/colcon_distutils_commands:/workspace/install/servo_pkg/lib/python3.12/site-packages:${PYTHONPATH} /usr/bin/python3 -W ignore:setup.py install is deprecated -W ignore:easy_install command is deprecated setup.py egg_info --egg-base ../../build/servo_pkg build --build-base /workspace/build/servo_pkg/build install --record /workspace/build/servo_pkg/install.log --single-version-externally-managed install_data
[0.472s] running egg_info
[0.474s] creating ../../build/servo_pkg/servo_pkg.egg-info
[0.480s] writing ../../build/servo_pkg/servo_pkg.egg-info/PKG-INFO
[0.480s] writing dependency_links to ../../build/servo_pkg/servo_pkg.egg-info/dependency_links.txt
[0.481s] writing entry points to ../../build/servo_pkg/servo_pkg.egg-info/entry_points.txt
[0.481s] writing requirements to ../../build/servo_pkg/servo_pkg.egg-info/requires.txt
[0.481s] writing top-level names to ../../build/servo_pkg/servo_pkg.egg-info/top_level.txt
[0.481s] writing manifest file '../../build/servo_pkg/servo_pkg.egg-info/SOURCES.txt'
[0.497s] reading manifest file '../../build/servo_pkg/servo_pkg.egg-info/SOURCES.txt'
[0.498s] writing manifest file '../../build/servo_pkg/servo_pkg.egg-info/SOURCES.txt'
[0.498s] running build
[0.498s] running build_py
[0.498s] creating /workspace/build/servo_pkg/build
[0.498s] creating /workspace/build/servo_pkg/build/lib
[0.499s] creating /workspace/build/servo_pkg/build/lib/servo_pkg
[0.499s] copying servo_pkg/servo_node.py -> /workspace/build/servo_pkg/build/lib/servo_pkg
[0.499s] copying servo_pkg/__init__.py -> /workspace/build/servo_pkg/build/lib/servo_pkg
[0.502s] running install
[0.502s] running install_lib
[0.510s] creating /workspace/install/servo_pkg/lib/python3.12/site-packages/servo_pkg
[0.510s] copying /workspace/build/servo_pkg/build/lib/servo_pkg/servo_node.py -> /workspace/install/servo_pkg/lib/python3.12/site-packages/servo_pkg
[0.511s] copying /workspace/build/servo_pkg/build/lib/servo_pkg/__init__.py -> /workspace/install/servo_pkg/lib/python3.12/site-packages/servo_pkg
[0.513s] byte-compiling /workspace/install/servo_pkg/lib/python3.12/site-packages/servo_pkg/servo_node.py to servo_node.cpython-312.pyc
[0.514s] byte-compiling /workspace/install/servo_pkg/lib/python3.12/site-packages/servo_pkg/__init__.py to __init__.cpython-312.pyc
[0.514s] running install_data
[0.514s] creating /workspace/install/servo_pkg/share/ament_index
[0.514s] creating /workspace/install/servo_pkg/share/ament_index/resource_index
[0.514s] creating /workspace/install/servo_pkg/share/ament_index/resource_index/packages
[0.515s] copying resource/servo_pkg -> /workspace/install/servo_pkg/share/ament_index/resource_index/packages
[0.515s] copying package.xml -> /workspace/install/servo_pkg/share/servo_pkg
[0.518s] running install_egg_info
[0.523s] Copying ../../build/servo_pkg/servo_pkg.egg-info to /workspace/install/servo_pkg/lib/python3.12/site-packages/servo_pkg-0.0.0-py3.12.egg-info
[0.526s] running install_scripts
[0.581s] Installing servo_node script to /workspace/install/servo_pkg/lib/servo_pkg
[0.582s] writing list of installed files to '/workspace/build/servo_pkg/install.log'
[0.595s] Invoked command in '/workspace/src/servo_pkg' returned '0': PYTHONPATH=/workspace/build/servo_pkg/prefix_override:/usr/lib/python3/dist-packages/colcon_core/task/python/colcon_distutils_commands:/workspace/install/servo_pkg/lib/python3.12/site-packages:${PYTHONPATH} /usr/bin/python3 -W ignore:setup.py install is deprecated -W ignore:easy_install command is deprecated setup.py egg_info --egg-base ../../build/servo_pkg build --build-base /workspace/build/servo_pkg/build install --record /workspace/build/servo_pkg/install.log --single-version-externally-managed install_data
