[0.095s] Invoking command in '/workspace/build/arm_description_pkg': CMAKE_PREFIX_PATH=${CMAKE_PREFIX_PATH}:/workspace/install/servo_pkg:/opt/ros/jazzy /usr/bin/cmake --build /workspace/build/arm_description_pkg -- -j4 -l4
[1.440s] Invoked command in '/workspace/build/arm_description_pkg' returned '0': CMAKE_PREFIX_PATH=${CMAKE_PREFIX_PATH}:/workspace/install/servo_pkg:/opt/ros/jazzy /usr/bin/cmake --build /workspace/build/arm_description_pkg -- -j4 -l4
[1.494s] Invoking command in '/workspace/build/arm_description_pkg': CMAKE_PREFIX_PATH=${CMAKE_PREFIX_PATH}:/workspace/install/servo_pkg:/opt/ros/jazzy /usr/bin/cmake --install /workspace/build/arm_description_pkg
[1.539s] -- Install configuration: ""
[1.541s] -- Up-to-date: /workspace/install/arm_description_pkg/share/arm_description_pkg/urdf
[1.542s] -- Up-to-date: /workspace/install/arm_description_pkg/share/arm_description_pkg/urdf/idk_arm.urdf
[1.543s] -- Up-to-date: /workspace/install/arm_description_pkg/share/arm_description_pkg/urdf/robotic_arm.urdf
[1.547s] -- Up-to-date: /workspace/install/arm_description_pkg/share/ament_index/resource_index/package_run_dependencies/arm_description_pkg
[1.548s] -- Up-to-date: /workspace/install/arm_description_pkg/share/ament_index/resource_index/parent_prefix_path/arm_description_pkg
[1.549s] -- Up-to-date: /workspace/install/arm_description_pkg/share/arm_description_pkg/environment/ament_prefix_path.sh
[1.550s] -- Up-to-date: /workspace/install/arm_description_pkg/share/arm_description_pkg/environment/ament_prefix_path.dsv
[1.551s] -- Up-to-date: /workspace/install/arm_description_pkg/share/arm_description_pkg/environment/path.sh
[1.552s] -- Up-to-date: /workspace/install/arm_description_pkg/share/arm_description_pkg/environment/path.dsv
[1.552s] -- Up-to-date: /workspace/install/arm_description_pkg/share/arm_description_pkg/local_setup.bash
[1.554s] -- Up-to-date: /workspace/install/arm_description_pkg/share/arm_description_pkg/local_setup.sh
[1.557s] -- Up-to-date: /workspace/install/arm_description_pkg/share/arm_description_pkg/local_setup.zsh
[1.558s] -- Up-to-date: /workspace/install/arm_description_pkg/share/arm_description_pkg/local_setup.dsv
[1.559s] -- Installing: /workspace/install/arm_description_pkg/share/arm_description_pkg/package.dsv
[1.561s] -- Up-to-date: /workspace/install/arm_description_pkg/share/ament_index/resource_index/packages/arm_description_pkg
[1.562s] -- Up-to-date: /workspace/install/arm_description_pkg/share/arm_description_pkg/cmake/arm_description_pkgConfig.cmake
[1.563s] -- Up-to-date: /workspace/install/arm_description_pkg/share/arm_description_pkg/cmake/arm_description_pkgConfig-version.cmake
[1.564s] -- Up-to-date: /workspace/install/arm_description_pkg/share/arm_description_pkg/package.xml
[1.565s] Invoked command in '/workspace/build/arm_description_pkg' returned '0': CMAKE_PREFIX_PATH=${CMAKE_PREFIX_PATH}:/workspace/install/servo_pkg:/opt/ros/jazzy /usr/bin/cmake --install /workspace/build/arm_description_pkg
