[0.082s] Invoking command in '/workspace/build/arm_description_pkg': CMAKE_PREFIX_PATH=${CMAKE_PREFIX_PATH}:/workspace/install/servo_pkg:/opt/ros/jazzy /usr/bin/cmake --build /workspace/build/arm_description_pkg -- -j4 -l4
[0.675s] Invoked command in '/workspace/build/arm_description_pkg' returned '0': CMAKE_PREFIX_PATH=${CMAKE_PREFIX_PATH}:/workspace/install/servo_pkg:/opt/ros/jazzy /usr/bin/cmake --build /workspace/build/arm_description_pkg -- -j4 -l4
[0.808s] Invoking command in '/workspace/build/arm_description_pkg': CMAKE_PREFIX_PATH=${CMAKE_PREFIX_PATH}:/workspace/install/servo_pkg:/opt/ros/jazzy /usr/bin/cmake --install /workspace/build/arm_description_pkg
[0.884s] -- Install configuration: ""
[0.892s] -- Execute custom install script
[0.893s] -- Up-to-date symlink: /workspace/install/arm_description_pkg/share/arm_description_pkg/urdf/idk_arm.urdf
[0.896s] -- Up-to-date symlink: /workspace/install/arm_description_pkg/share/arm_description_pkg/urdf/robotic_arm.urdf
[0.899s] -- Up-to-date symlink: /workspace/install/arm_description_pkg/share/ament_index/resource_index/package_run_dependencies/arm_description_pkg
[0.903s] -- Up-to-date symlink: /workspace/install/arm_description_pkg/share/ament_index/resource_index/parent_prefix_path/arm_description_pkg
[0.905s] -- Up-to-date symlink: /workspace/install/arm_description_pkg/share/arm_description_pkg/environment/ament_prefix_path.sh
[0.909s] -- Up-to-date symlink: /workspace/install/arm_description_pkg/share/arm_description_pkg/environment/ament_prefix_path.dsv
[0.913s] -- Up-to-date symlink: /workspace/install/arm_description_pkg/share/arm_description_pkg/environment/path.sh
[0.915s] -- Up-to-date symlink: /workspace/install/arm_description_pkg/share/arm_description_pkg/environment/path.dsv
[0.918s] -- Up-to-date symlink: /workspace/install/arm_description_pkg/share/arm_description_pkg/local_setup.bash
[0.921s] -- Up-to-date symlink: /workspace/install/arm_description_pkg/share/arm_description_pkg/local_setup.sh
[0.923s] -- Up-to-date symlink: /workspace/install/arm_description_pkg/share/arm_description_pkg/local_setup.zsh
[0.927s] -- Up-to-date symlink: /workspace/install/arm_description_pkg/share/arm_description_pkg/local_setup.dsv
[0.928s] -- Symlinking: /workspace/install/arm_description_pkg/share/arm_description_pkg/package.dsv
[1.091s] -- Up-to-date symlink: /workspace/install/arm_description_pkg/share/ament_index/resource_index/packages/arm_description_pkg
[1.094s] -- Up-to-date symlink: /workspace/install/arm_description_pkg/share/arm_description_pkg/cmake/arm_description_pkgConfig.cmake
[1.101s] -- Up-to-date symlink: /workspace/install/arm_description_pkg/share/arm_description_pkg/cmake/arm_description_pkgConfig-version.cmake
[1.103s] -- Up-to-date symlink: /workspace/install/arm_description_pkg/share/arm_description_pkg/package.xml
[1.119s] Invoked command in '/workspace/build/arm_description_pkg' returned '0': CMAKE_PREFIX_PATH=${CMAKE_PREFIX_PATH}:/workspace/install/servo_pkg:/opt/ros/jazzy /usr/bin/cmake --install /workspace/build/arm_description_pkg
