running develop
running egg_info
creating servo_pkg.egg-info
writing servo_pkg.egg-info/PKG-INFO
writing dependency_links to servo_pkg.egg-info/dependency_links.txt
writing entry points to servo_pkg.egg-info/entry_points.txt
writing requirements to servo_pkg.egg-info/requires.txt
writing top-level names to servo_pkg.egg-info/top_level.txt
writing manifest file 'servo_pkg.egg-info/SOURCES.txt'
reading manifest file 'servo_pkg.egg-info/SOURCES.txt'
writing manifest file 'servo_pkg.egg-info/SOURCES.txt'
running build_ext
Creating /home/pi/arm_ws/install/servo_pkg/lib/python3.12/site-packages/servo-pkg.egg-link (link to .)
Installing servo_node script to /home/pi/arm_ws/install/servo_pkg/lib/servo_pkg

Installed /home/pi/arm_ws/build/servo_pkg
running symlink_data
creating /home/pi/arm_ws/install/servo_pkg/share/ament_index
creating /home/pi/arm_ws/install/servo_pkg/share/ament_index/resource_index
creating /home/pi/arm_ws/install/servo_pkg/share/ament_index/resource_index/packages
symbolically linking /home/pi/arm_ws/build/servo_pkg/resource/servo_pkg -> /home/pi/arm_ws/install/servo_pkg/share/ament_index/resource_index/packages
symbolically linking /home/pi/arm_ws/build/servo_pkg/package.xml -> /home/pi/arm_ws/install/servo_pkg/share/servo_pkg
