[1.499s] Invoking command in '/home/pi/arm_ws/build/servo_pkg': DEBUGINFOD_URLS=https://debuginfod.ubuntu.com PS1=(arm-venv) \[\e]0;\u@\h: \w\a\]${debian_chroot:+($debian_chroot)}\[\033[01;32m\]\u@\h\[\033[00m\]:\[\033[01;34m\]\w\[\033[00m\]\$ PYTHONPATH=/home/pi/arm_ws/build/servo_pkg/prefix_override:/usr/lib/python3/dist-packages/colcon_core/task/python/colcon_distutils_commands:/home/pi/arm_ws/install/servo_pkg/lib/python3.12/site-packages:${PYTHONPATH} VIRTUAL_ENV_PROMPT=(arm-venv) /usr/bin/python3 -W ignore:setup.py install is deprecated -W ignore:easy_install command is deprecated setup.py develop --editable --build-directory /home/pi/arm_ws/build/servo_pkg/build --no-deps symlink_data
[1.948s] running develop
[2.199s] running egg_info
[2.199s] creating servo_pkg.egg-info
[2.225s] writing servo_pkg.egg-info/PKG-INFO
[2.225s] writing dependency_links to servo_pkg.egg-info/dependency_links.txt
[2.225s] writing entry points to servo_pkg.egg-info/entry_points.txt
[2.226s] writing requirements to servo_pkg.egg-info/requires.txt
[2.226s] writing top-level names to servo_pkg.egg-info/top_level.txt
[2.226s] writing manifest file 'servo_pkg.egg-info/SOURCES.txt'
[2.274s] reading manifest file 'servo_pkg.egg-info/SOURCES.txt'
[2.274s] writing manifest file 'servo_pkg.egg-info/SOURCES.txt'
[2.299s] running build_ext
[2.299s] Creating /home/pi/arm_ws/install/servo_pkg/lib/python3.12/site-packages/servo-pkg.egg-link (link to .)
[2.300s] Installing servo_node script to /home/pi/arm_ws/install/servo_pkg/lib/servo_pkg
[2.300s] 
[2.301s] Installed /home/pi/arm_ws/build/servo_pkg
[2.301s] running symlink_data
[2.301s] creating /home/pi/arm_ws/install/servo_pkg/share/ament_index
[2.301s] creating /home/pi/arm_ws/install/servo_pkg/share/ament_index/resource_index
[2.301s] creating /home/pi/arm_ws/install/servo_pkg/share/ament_index/resource_index/packages
[2.301s] symbolically linking /home/pi/arm_ws/build/servo_pkg/resource/servo_pkg -> /home/pi/arm_ws/install/servo_pkg/share/ament_index/resource_index/packages
[2.301s] symbolically linking /home/pi/arm_ws/build/servo_pkg/package.xml -> /home/pi/arm_ws/install/servo_pkg/share/servo_pkg
[2.415s] Invoked command in '/home/pi/arm_ws/build/servo_pkg' returned '0': DEBUGINFOD_URLS=https://debuginfod.ubuntu.com PS1=(arm-venv) \[\e]0;\u@\h: \w\a\]${debian_chroot:+($debian_chroot)}\[\033[01;32m\]\u@\h\[\033[00m\]:\[\033[01;34m\]\w\[\033[00m\]\$ PYTHONPATH=/home/pi/arm_ws/build/servo_pkg/prefix_override:/usr/lib/python3/dist-packages/colcon_core/task/python/colcon_distutils_commands:/home/pi/arm_ws/install/servo_pkg/lib/python3.12/site-packages:${PYTHONPATH} VIRTUAL_ENV_PROMPT=(arm-venv) /usr/bin/python3 -W ignore:setup.py install is deprecated -W ignore:easy_install command is deprecated setup.py develop --editable --build-directory /home/pi/arm_ws/build/servo_pkg/build --no-deps symlink_data
