[20.049s] Invoking command in '/workspace/build/servo_pkg': PYTHONPATH=/workspace/build/servo_pkg/prefix_override:/usr/lib/python3/dist-packages/colcon_core/task/python/colcon_distutils_commands:/workspace/install/servo_pkg/lib/python3.12/site-packages:${PYTHONPATH} /usr/bin/python3 -W ignore:setup.py install is deprecated -W ignore:easy_install command is deprecated setup.py develop --editable --build-directory /workspace/build/servo_pkg/build --no-deps symlink_data
[25.128s] running develop
[29.706s] running egg_info
[30.110s] writing servo_pkg.egg-info/PKG-INFO
[30.111s] writing dependency_links to servo_pkg.egg-info/dependency_links.txt
[30.112s] writing entry points to servo_pkg.egg-info/entry_points.txt
[30.120s] writing requirements to servo_pkg.egg-info/requires.txt
[30.125s] writing top-level names to servo_pkg.egg-info/top_level.txt
[31.066s] reading manifest file 'servo_pkg.egg-info/SOURCES.txt'
[31.071s] writing manifest file 'servo_pkg.egg-info/SOURCES.txt'
[31.428s] running build_ext
[31.428s] Creating /workspace/install/servo_pkg/lib/python3.12/site-packages/servo-pkg.egg-link (link to .)
[31.437s] Installing laptop_brain script to /workspace/install/servo_pkg/lib/servo_pkg
[31.437s] Installing laptop_test script to /workspace/install/servo_pkg/lib/servo_pkg
[31.443s] Installing servo_node script to /workspace/install/servo_pkg/lib/servo_pkg
[31.444s] Installing virtual_servo_node script to /workspace/install/servo_pkg/lib/servo_pkg
[31.444s] 
[31.445s] Installed /workspace/build/servo_pkg
[31.445s] running symlink_data
[31.720s] Invoked command in '/workspace/build/servo_pkg' returned '0': PYTHONPATH=/workspace/build/servo_pkg/prefix_override:/usr/lib/python3/dist-packages/colcon_core/task/python/colcon_distutils_commands:/workspace/install/servo_pkg/lib/python3.12/site-packages:${PYTHONPATH} /usr/bin/python3 -W ignore:setup.py install is deprecated -W ignore:easy_install command is deprecated setup.py develop --editable --build-directory /workspace/build/servo_pkg/build --no-deps symlink_data
