[0.179s] Invoking command in '/workspace/build/deptrum-ros-driver-aurora930': CMAKE_PREFIX_PATH=${CMAKE_PREFIX_PATH}:/workspace/install/servo_pkg:/opt/ros/jazzy /usr/bin/cmake /workspace/src/deptrum-ros-driver -DSTREAM_SDK_TYPE=AURORA930 -DAMENT_CMAKE_SYMLINK_INSTALL=1 -DCMAKE_INSTALL_PREFIX=/workspace/install/deptrum-ros-driver-aurora930
[1.532s] -- The C compiler identification is GNU 13.3.0
[2.289s] -- The CXX compiler identification is GNU 13.3.0
[2.598s] -- Detecting C compiler ABI info
[4.136s] -- Detecting C compiler ABI info - done
[4.490s] -- Check for working C compiler: /usr/bin/cc - skipped
[4.492s] -- Detecting C compile features
[4.510s] -- Detecting C compile features - done
[4.660s] -- Detecting CXX compiler ABI info
[6.465s] -- Detecting CXX compiler ABI info - done
[6.783s] -- Check for working CXX compiler: /usr/bin/c++ - skipped
[6.795s] -- Detecting CXX compile features
[6.796s] -- Detecting CXX compile features - done
[6.880s] -- Found ament_cmake: 2.5.6 (/opt/ros/jazzy/share/ament_cmake/cmake)
[9.864s] -- Found Python3: /usr/bin/python3 (found version "3.12.3") found components: Interpreter 
[10.417s] -- Override CMake install command with custom implementation using symlinks instead of copying resources
[11.048s] -- Found rclcpp: 28.1.18 (/opt/ros/jazzy/share/rclcpp/cmake)
[12.337s] -- Found rosidl_generator_c: 4.6.7 (/opt/ros/jazzy/share/rosidl_generator_c/cmake)
[12.589s] -- Found rosidl_generator_cpp: 4.6.7 (/opt/ros/jazzy/share/rosidl_generator_cpp/cmake)
[13.185s] -- Using all available rosidl_typesupport_c: rosidl_typesupport_fastrtps_c;rosidl_typesupport_introspection_c
[13.907s] -- Using all available rosidl_typesupport_cpp: rosidl_typesupport_fastrtps_cpp;rosidl_typesupport_introspection_cpp
[16.370s] -- Found rmw_implementation_cmake: 7.3.3 (/opt/ros/jazzy/share/rmw_implementation_cmake/cmake)
[16.466s] -- Found rmw_fastrtps_cpp: 8.4.3 (/opt/ros/jazzy/share/rmw_fastrtps_cpp/cmake)
[17.604s] -- Found OpenSSL: /usr/lib/x86_64-linux-gnu/libcrypto.so (found version "3.0.13")  
[17.913s] -- Found FastRTPS: /opt/ros/jazzy/include (Required is at least version "2.13") 
[18.092s] -- Using RMW implementation 'rmw_fastrtps_cpp' as default
[19.324s] -- STREAM_SDK_TYPE: AURORA930
[19.324s] -- SYSTEM_PLATFORM: linux-x86_64
[19.334s] -- deptrum-stream-aurora900-linux-x86_64-v1.1.19-18.04 exist！
[19.409s] -- Found std_msgs: 5.3.7 (/opt/ros/jazzy/share/std_msgs/cmake)
[20.006s] -- Found sensor_msgs: 5.3.7 (/opt/ros/jazzy/share/sensor_msgs/cmake)
[21.067s] -- Found cv_bridge: 4.1.0 (/opt/ros/jazzy/share/cv_bridge/cmake)
[21.594s] -- Found OpenCV: /usr (found version "4.6.0") found components: core highgui imgproc videoio 
[21.722s] -- Found tf2: 0.36.20 (/opt/ros/jazzy/share/tf2/cmake)
[22.055s] -- Found tf2_ros: 0.36.20 (/opt/ros/jazzy/share/tf2_ros/cmake)
[25.917s] -- Found tf2_geometry_msgs: 0.36.20 (/opt/ros/jazzy/share/tf2_geometry_msgs/cmake)
[26.615s] -- Found eigen3_cmake_module: 0.3.0 (/opt/ros/jazzy/share/eigen3_cmake_module/cmake)
[26.639s] -- Found Eigen3: TRUE (found version "3.4.0") 
[26.646s] -- Ensuring Eigen3 include directory is part of orocos-kdl CMake target
[26.779s] -- Found angles: 1.16.1 (/opt/ros/jazzy/share/angles/cmake)
[26.818s] -- GLog library status:
[26.819s] --     include path: /workspace/src/deptrum-ros-driver/ext/glog-0.4.0/include
[26.820s] --     library path: /workspace/src/deptrum-ros-driver/ext/glog-0.4.0/lib-static
[26.827s] --     libraries: glog
[26.904s] -- Found ament_lint_auto: 0.17.5 (/opt/ros/jazzy/share/ament_lint_auto/cmake)
[29.087s] [0mCMake Deprecation Warning at subscribe_node/CMakeLists.txt:1 (cmake_minimum_required):
[29.088s]   Compatibility with CMake < 3.5 will be removed from a future version of
[29.089s]   CMake.
[29.090s] 
[29.091s]   Update the VERSION argument <min> value or use a ...<max> suffix to tell
[29.097s]   CMake that the project does not need compatibility with older versions.
[29.097s] 
[29.098s] [0m
[29.735s] -- Found Boost: /usr/lib/x86_64-linux-gnu/cmake/Boost-1.83.0/BoostConfig.cmake (found version "1.83.0") found components: system filesystem 
[29.916s] -- Added test 'copyright' to check source files copyright and LICENSE
[30.070s] -- Added test 'cppcheck' to perform static code analysis on C / C++ code
[30.083s] -- Configured cppcheck include dirs: /workspace/src/deptrum-ros-driver/include;/workspace/src/deptrum-ros-driver/ext/deptrum-stream-aurora900-linux-x86_64-v1.1.19-18.04/include;/workspace/src/deptrum-ros-driver/ext/glog-0.4.0/include
[30.096s] -- Configured cppcheck exclude dirs and/or files: 
[30.394s] -- Added test 'cpplint' to check C / C++ code against the Google style
[30.395s] -- Configured cpplint exclude dirs and/or files: 
[30.454s] -- Added test 'flake8' to check Python code syntax and style conventions
[30.463s] -- Configured 'flake8' exclude dirs and/or files: 
[30.558s] -- Added test 'lint_cmake' to check CMake code style
[30.602s] -- Added test 'pep257' to check Python code against some of the docstring style conventions in PEP 257
[30.800s] -- Added test 'uncrustify' to check C / C++ code style
[30.801s] -- Configured uncrustify additional arguments: 
[30.837s] -- Added test 'xmllint' to check XML markup files
[30.900s] -- Configuring done (30.5s)
[31.418s] -- Generating done (0.3s)
[31.570s] -- Build files have been written to: /workspace/build/deptrum-ros-driver-aurora930
[31.852s] Invoked command in '/workspace/build/deptrum-ros-driver-aurora930' returned '0': CMAKE_PREFIX_PATH=${CMAKE_PREFIX_PATH}:/workspace/install/servo_pkg:/opt/ros/jazzy /usr/bin/cmake /workspace/src/deptrum-ros-driver -DSTREAM_SDK_TYPE=AURORA930 -DAMENT_CMAKE_SYMLINK_INSTALL=1 -DCMAKE_INSTALL_PREFIX=/workspace/install/deptrum-ros-driver-aurora930
[31.860s] Invoking command in '/workspace/build/deptrum-ros-driver-aurora930': CMAKE_PREFIX_PATH=${CMAKE_PREFIX_PATH}:/workspace/install/servo_pkg:/opt/ros/jazzy /usr/bin/cmake --build /workspace/build/deptrum-ros-driver-aurora930 -- -j4 -l4
[32.429s] [ 11%] [32mBuilding CXX object CMakeFiles/aurora930_node.dir/src/ros2_node.cc.o[0m
[40.201s] In file included from [01m[K/workspace/src/deptrum-ros-driver/src/ros2_node.cc:6[m[K:
[40.208s] [01m[K/workspace/src/deptrum-ros-driver/include/deptrum_ros_driver/ros2_device.h:12:10:[m[K [01;31m[Kfatal error: [m[Kcv_bridge/cv_bridge.h: No such file or directory
[40.209s]    12 | #include [01;31m[K<cv_bridge/cv_bridge.h>[m[K
[40.209s]       |          [01;31m[K^~~~~~~~~~~~~~~~~~~~~~~[m[K
[40.210s] compilation terminated.
[40.287s] gmake[2]: *** [CMakeFiles/aurora930_node.dir/build.make:76: CMakeFiles/aurora930_node.dir/src/ros2_node.cc.o] Error 1
[40.289s] gmake[1]: *** [CMakeFiles/Makefile2:156: CMakeFiles/aurora930_node.dir/all] Error 2
[40.291s] gmake: *** [Makefile:146: all] Error 2
[40.306s] Invoked command in '/workspace/build/deptrum-ros-driver-aurora930' returned '2': CMAKE_PREFIX_PATH=${CMAKE_PREFIX_PATH}:/workspace/install/servo_pkg:/opt/ros/jazzy /usr/bin/cmake --build /workspace/build/deptrum-ros-driver-aurora930 -- -j4 -l4
