[0.583s] Invoking command in '/workspace/build/arm_description_pkg': CMAKE_PREFIX_PATH=${CMAKE_PREFIX_PATH}:/workspace/install/servo_pkg:/opt/ros/jazzy /usr/bin/cmake --build /workspace/build/arm_description_pkg -- -j4 -l4
[6.458s] Invoked command in '/workspace/build/arm_description_pkg' returned '0': CMAKE_PREFIX_PATH=${CMAKE_PREFIX_PATH}:/workspace/install/servo_pkg:/opt/ros/jazzy /usr/bin/cmake --build /workspace/build/arm_description_pkg -- -j4 -l4
[6.539s] Invoking command in '/workspace/build/arm_description_pkg': CMAKE_PREFIX_PATH=${CMAKE_PREFIX_PATH}:/workspace/install/servo_pkg:/opt/ros/jazzy /usr/bin/cmake --install /workspace/build/arm_description_pkg
[6.592s] -- Install configuration: ""
[6.594s] -- Execute custom install script
[6.597s] -- Up-to-date symlink: /workspace/install/arm_description_pkg/share/arm_description_pkg/urdf/idk_arm.urdf
[6.607s] -- Up-to-date symlink: /workspace/install/arm_description_pkg/share/arm_description_pkg/urdf/robotic_arm.urdf
[6.614s] -- Up-to-date symlink: /workspace/install/arm_description_pkg/share/ament_index/resource_index/package_run_dependencies/arm_description_pkg
[6.621s] -- Up-to-date symlink: /workspace/install/arm_description_pkg/share/ament_index/resource_index/parent_prefix_path/arm_description_pkg
[6.622s] -- Up-to-date symlink: /workspace/install/arm_description_pkg/share/arm_description_pkg/environment/ament_prefix_path.sh
[6.623s] -- Up-to-date symlink: /workspace/install/arm_description_pkg/share/arm_description_pkg/environment/ament_prefix_path.dsv
[6.623s] -- Up-to-date symlink: /workspace/install/arm_description_pkg/share/arm_description_pkg/environment/path.sh
[6.645s] -- Up-to-date symlink: /workspace/install/arm_description_pkg/share/arm_description_pkg/environment/path.dsv
[6.646s] -- Up-to-date symlink: /workspace/install/arm_description_pkg/share/arm_description_pkg/local_setup.bash
[6.647s] -- Up-to-date symlink: /workspace/install/arm_description_pkg/share/arm_description_pkg/local_setup.sh
[6.648s] -- Up-to-date symlink: /workspace/install/arm_description_pkg/share/arm_description_pkg/local_setup.zsh
[6.654s] -- Up-to-date symlink: /workspace/install/arm_description_pkg/share/arm_description_pkg/local_setup.dsv
[6.655s] -- Symlinking: /workspace/install/arm_description_pkg/share/arm_description_pkg/package.dsv
[6.678s] -- Up-to-date symlink: /workspace/install/arm_description_pkg/share/ament_index/resource_index/packages/arm_description_pkg
[6.681s] -- Up-to-date symlink: /workspace/install/arm_description_pkg/share/arm_description_pkg/cmake/arm_description_pkgConfig.cmake
[6.686s] -- Up-to-date symlink: /workspace/install/arm_description_pkg/share/arm_description_pkg/cmake/arm_description_pkgConfig-version.cmake
[6.686s] -- Up-to-date symlink: /workspace/install/arm_description_pkg/share/arm_description_pkg/package.xml
[6.711s] Invoked command in '/workspace/build/arm_description_pkg' returned '0': CMAKE_PREFIX_PATH=${CMAKE_PREFIX_PATH}:/workspace/install/servo_pkg:/opt/ros/jazzy /usr/bin/cmake --install /workspace/build/arm_description_pkg
