running egg_info
creating ../../build/servo_pkg/servo_pkg.egg-info
writing ../../build/servo_pkg/servo_pkg.egg-info/PKG-INFO
writing dependency_links to ../../build/servo_pkg/servo_pkg.egg-info/dependency_links.txt
writing entry points to ../../build/servo_pkg/servo_pkg.egg-info/entry_points.txt
writing requirements to ../../build/servo_pkg/servo_pkg.egg-info/requires.txt
writing top-level names to ../../build/servo_pkg/servo_pkg.egg-info/top_level.txt
writing manifest file '../../build/servo_pkg/servo_pkg.egg-info/SOURCES.txt'
reading manifest file '../../build/servo_pkg/servo_pkg.egg-info/SOURCES.txt'
writing manifest file '../../build/servo_pkg/servo_pkg.egg-info/SOURCES.txt'
running build
running build_py
creating /workspace/build/servo_pkg/build
creating /workspace/build/servo_pkg/build/lib
creating /workspace/build/servo_pkg/build/lib/servo_pkg
copying servo_pkg/laptop_test.py -> /workspace/build/servo_pkg/build/lib/servo_pkg
copying servo_pkg/virtual_servo_node.py -> /workspace/build/servo_pkg/build/lib/servo_pkg
copying servo_pkg/servo_node.py -> /workspace/build/servo_pkg/build/lib/servo_pkg
copying servo_pkg/laptop_brain.py -> /workspace/build/servo_pkg/build/lib/servo_pkg
copying servo_pkg/__init__.py -> /workspace/build/servo_pkg/build/lib/servo_pkg
running install
running install_lib
creating /workspace/install/servo_pkg/lib/python3.12/site-packages/servo_pkg
copying /workspace/build/servo_pkg/build/lib/servo_pkg/laptop_test.py -> /workspace/install/servo_pkg/lib/python3.12/site-packages/servo_pkg
copying /workspace/build/servo_pkg/build/lib/servo_pkg/virtual_servo_node.py -> /workspace/install/servo_pkg/lib/python3.12/site-packages/servo_pkg
copying /workspace/build/servo_pkg/build/lib/servo_pkg/servo_node.py -> /workspace/install/servo_pkg/lib/python3.12/site-packages/servo_pkg
copying /workspace/build/servo_pkg/build/lib/servo_pkg/laptop_brain.py -> /workspace/install/servo_pkg/lib/python3.12/site-packages/servo_pkg
copying /workspace/build/servo_pkg/build/lib/servo_pkg/__init__.py -> /workspace/install/servo_pkg/lib/python3.12/site-packages/servo_pkg
byte-compiling /workspace/install/servo_pkg/lib/python3.12/site-packages/servo_pkg/laptop_test.py to laptop_test.cpython-312.pyc
byte-compiling /workspace/install/servo_pkg/lib/python3.12/site-packages/servo_pkg/virtual_servo_node.py to virtual_servo_node.cpython-312.pyc
byte-compiling /workspace/install/servo_pkg/lib/python3.12/site-packages/servo_pkg/servo_node.py to servo_node.cpython-312.pyc
byte-compiling /workspace/install/servo_pkg/lib/python3.12/site-packages/servo_pkg/laptop_brain.py to laptop_brain.cpython-312.pyc
byte-compiling /workspace/install/servo_pkg/lib/python3.12/site-packages/servo_pkg/__init__.py to __init__.cpython-312.pyc
running install_data
creating /workspace/install/servo_pkg/share/ament_index
creating /workspace/install/servo_pkg/share/ament_index/resource_index
creating /workspace/install/servo_pkg/share/ament_index/resource_index/packages
copying resource/servo_pkg -> /workspace/install/servo_pkg/share/ament_index/resource_index/packages
copying package.xml -> /workspace/install/servo_pkg/share/servo_pkg
running install_egg_info
Copying ../../build/servo_pkg/servo_pkg.egg-info to /workspace/install/servo_pkg/lib/python3.12/site-packages/servo_pkg-0.0.0-py3.12.egg-info
running install_scripts
Installing laptop_brain script to /workspace/install/servo_pkg/lib/servo_pkg
Installing laptop_test script to /workspace/install/servo_pkg/lib/servo_pkg
Installing servo_node script to /workspace/install/servo_pkg/lib/servo_pkg
Installing virtual_servo_node script to /workspace/install/servo_pkg/lib/servo_pkg
writing list of installed files to '/workspace/build/servo_pkg/install.log'
