[7.976s] Invoking command in '/workspace/src/servo_pkg': PYTHONPATH=/workspace/build/servo_pkg/prefix_override:/usr/lib/python3/dist-packages/colcon_core/task/python/colcon_distutils_commands:/workspace/install/servo_pkg/lib/python3.12/site-packages:${PYTHONPATH} /usr/bin/python3 -W ignore:setup.py install is deprecated -W ignore:easy_install command is deprecated setup.py egg_info --egg-base ../../build/servo_pkg build --build-base /workspace/build/servo_pkg/build install --record /workspace/build/servo_pkg/install.log --single-version-externally-managed install_data
[9.675s] running egg_info
[9.677s] creating ../../build/servo_pkg/servo_pkg.egg-info
[9.810s] writing ../../build/servo_pkg/servo_pkg.egg-info/PKG-INFO
[9.811s] writing dependency_links to ../../build/servo_pkg/servo_pkg.egg-info/dependency_links.txt
[9.812s] writing entry points to ../../build/servo_pkg/servo_pkg.egg-info/entry_points.txt
[9.812s] writing requirements to ../../build/servo_pkg/servo_pkg.egg-info/requires.txt
[9.813s] writing top-level names to ../../build/servo_pkg/servo_pkg.egg-info/top_level.txt
[9.814s] writing manifest file '../../build/servo_pkg/servo_pkg.egg-info/SOURCES.txt'
[10.073s] reading manifest file '../../build/servo_pkg/servo_pkg.egg-info/SOURCES.txt'
[10.076s] writing manifest file '../../build/servo_pkg/servo_pkg.egg-info/SOURCES.txt'
[10.077s] running build
[10.078s] running build_py
[10.078s] creating /workspace/build/servo_pkg/build
[10.079s] creating /workspace/build/servo_pkg/build/lib
[10.081s] creating /workspace/build/servo_pkg/build/lib/servo_pkg
[10.082s] copying servo_pkg/laptop_test.py -> /workspace/build/servo_pkg/build/lib/servo_pkg
[10.082s] copying servo_pkg/virtual_servo_node.py -> /workspace/build/servo_pkg/build/lib/servo_pkg
[10.083s] copying servo_pkg/servo_node.py -> /workspace/build/servo_pkg/build/lib/servo_pkg
[10.084s] copying servo_pkg/laptop_brain.py -> /workspace/build/servo_pkg/build/lib/servo_pkg
[10.085s] copying servo_pkg/__init__.py -> /workspace/build/servo_pkg/build/lib/servo_pkg
[10.086s] running install
[10.116s] running install_lib
[10.269s] creating /workspace/install/servo_pkg/lib/python3.12/site-packages/servo_pkg
[10.270s] copying /workspace/build/servo_pkg/build/lib/servo_pkg/laptop_test.py -> /workspace/install/servo_pkg/lib/python3.12/site-packages/servo_pkg
[10.272s] copying /workspace/build/servo_pkg/build/lib/servo_pkg/virtual_servo_node.py -> /workspace/install/servo_pkg/lib/python3.12/site-packages/servo_pkg
[10.273s] copying /workspace/build/servo_pkg/build/lib/servo_pkg/servo_node.py -> /workspace/install/servo_pkg/lib/python3.12/site-packages/servo_pkg
[10.273s] copying /workspace/build/servo_pkg/build/lib/servo_pkg/laptop_brain.py -> /workspace/install/servo_pkg/lib/python3.12/site-packages/servo_pkg
[10.274s] copying /workspace/build/servo_pkg/build/lib/servo_pkg/__init__.py -> /workspace/install/servo_pkg/lib/python3.12/site-packages/servo_pkg
[10.277s] byte-compiling /workspace/install/servo_pkg/lib/python3.12/site-packages/servo_pkg/laptop_test.py to laptop_test.cpython-312.pyc
[10.285s] byte-compiling /workspace/install/servo_pkg/lib/python3.12/site-packages/servo_pkg/virtual_servo_node.py to virtual_servo_node.cpython-312.pyc
[10.301s] byte-compiling /workspace/install/servo_pkg/lib/python3.12/site-packages/servo_pkg/servo_node.py to servo_node.cpython-312.pyc
[10.314s] byte-compiling /workspace/install/servo_pkg/lib/python3.12/site-packages/servo_pkg/laptop_brain.py to laptop_brain.cpython-312.pyc
[10.317s] byte-compiling /workspace/install/servo_pkg/lib/python3.12/site-packages/servo_pkg/__init__.py to __init__.cpython-312.pyc
[10.318s] running install_data
[10.319s] creating /workspace/install/servo_pkg/share/ament_index
[10.320s] creating /workspace/install/servo_pkg/share/ament_index/resource_index
[10.321s] creating /workspace/install/servo_pkg/share/ament_index/resource_index/packages
[10.321s] copying resource/servo_pkg -> /workspace/install/servo_pkg/share/ament_index/resource_index/packages
[10.322s] copying package.xml -> /workspace/install/servo_pkg/share/servo_pkg
[10.323s] running install_egg_info
[10.472s] Copying ../../build/servo_pkg/servo_pkg.egg-info to /workspace/install/servo_pkg/lib/python3.12/site-packages/servo_pkg-0.0.0-py3.12.egg-info
[10.481s] running install_scripts
[12.038s] Installing laptop_brain script to /workspace/install/servo_pkg/lib/servo_pkg
[12.041s] Installing laptop_test script to /workspace/install/servo_pkg/lib/servo_pkg
[12.042s] Installing servo_node script to /workspace/install/servo_pkg/lib/servo_pkg
[12.047s] Installing virtual_servo_node script to /workspace/install/servo_pkg/lib/servo_pkg
[12.048s] writing list of installed files to '/workspace/build/servo_pkg/install.log'
[12.223s] Invoked command in '/workspace/src/servo_pkg' returned '0': PYTHONPATH=/workspace/build/servo_pkg/prefix_override:/usr/lib/python3/dist-packages/colcon_core/task/python/colcon_distutils_commands:/workspace/install/servo_pkg/lib/python3.12/site-packages:${PYTHONPATH} /usr/bin/python3 -W ignore:setup.py install is deprecated -W ignore:easy_install command is deprecated setup.py egg_info --egg-base ../../build/servo_pkg build --build-base /workspace/build/servo_pkg/build install --record /workspace/build/servo_pkg/install.log --single-version-externally-managed install_data
