[0.057s] Invoking command in '/workspace/build/arm_moveit_config': AMENT_PREFIX_PATH=/workspace/install/arm_description_pkg:${AMENT_PREFIX_PATH} CMAKE_PREFIX_PATH=/workspace/install/arm_description_pkg:/opt/ros/jazzy/opt/gz_sim_vendor:/opt/ros/jazzy/opt/gz_sensors_vendor:/opt/ros/jazzy/opt/gz_physics_vendor:/opt/ros/jazzy/opt/sdformat_vendor:/opt/ros/jazzy/opt/gz_gui_vendor:/opt/ros/jazzy/opt/gz_transport_vendor:/opt/ros/jazzy/opt/gz_rendering_vendor:/opt/ros/jazzy/opt/gz_plugin_vendor:/opt/ros/jazzy/opt/gz_fuel_tools_vendor:/opt/ros/jazzy/opt/gz_msgs_vendor:/opt/ros/jazzy/opt/gz_common_vendor:/opt/ros/jazzy/opt/gz_math_vendor:/opt/ros/jazzy/opt/gz_utils_vendor:/opt/ros/jazzy/opt/gz_tools_vendor:/opt/ros/jazzy/opt/gz_ogre_next_vendor:/opt/ros/jazzy/opt/gz_dartsim_vendor:/opt/ros/jazzy/opt/gz_cmake_vendor:/opt/ros/jazzy /usr/bin/cmake --build /workspace/build/arm_moveit_config -- -j4 -l4
[0.334s] Invoked command in '/workspace/build/arm_moveit_config' returned '0': AMENT_PREFIX_PATH=/workspace/install/arm_description_pkg:${AMENT_PREFIX_PATH} CMAKE_PREFIX_PATH=/workspace/install/arm_description_pkg:/opt/ros/jazzy/opt/gz_sim_vendor:/opt/ros/jazzy/opt/gz_sensors_vendor:/opt/ros/jazzy/opt/gz_physics_vendor:/opt/ros/jazzy/opt/sdformat_vendor:/opt/ros/jazzy/opt/gz_gui_vendor:/opt/ros/jazzy/opt/gz_transport_vendor:/opt/ros/jazzy/opt/gz_rendering_vendor:/opt/ros/jazzy/opt/gz_plugin_vendor:/opt/ros/jazzy/opt/gz_fuel_tools_vendor:/opt/ros/jazzy/opt/gz_msgs_vendor:/opt/ros/jazzy/opt/gz_common_vendor:/opt/ros/jazzy/opt/gz_math_vendor:/opt/ros/jazzy/opt/gz_utils_vendor:/opt/ros/jazzy/opt/gz_tools_vendor:/opt/ros/jazzy/opt/gz_ogre_next_vendor:/opt/ros/jazzy/opt/gz_dartsim_vendor:/opt/ros/jazzy/opt/gz_cmake_vendor:/opt/ros/jazzy /usr/bin/cmake --build /workspace/build/arm_moveit_config -- -j4 -l4
[0.340s] Invoking command in '/workspace/build/arm_moveit_config': AMENT_PREFIX_PATH=/workspace/install/arm_description_pkg:${AMENT_PREFIX_PATH} CMAKE_PREFIX_PATH=/workspace/install/arm_description_pkg:/opt/ros/jazzy/opt/gz_sim_vendor:/opt/ros/jazzy/opt/gz_sensors_vendor:/opt/ros/jazzy/opt/gz_physics_vendor:/opt/ros/jazzy/opt/sdformat_vendor:/opt/ros/jazzy/opt/gz_gui_vendor:/opt/ros/jazzy/opt/gz_transport_vendor:/opt/ros/jazzy/opt/gz_rendering_vendor:/opt/ros/jazzy/opt/gz_plugin_vendor:/opt/ros/jazzy/opt/gz_fuel_tools_vendor:/opt/ros/jazzy/opt/gz_msgs_vendor:/opt/ros/jazzy/opt/gz_common_vendor:/opt/ros/jazzy/opt/gz_math_vendor:/opt/ros/jazzy/opt/gz_utils_vendor:/opt/ros/jazzy/opt/gz_tools_vendor:/opt/ros/jazzy/opt/gz_ogre_next_vendor:/opt/ros/jazzy/opt/gz_dartsim_vendor:/opt/ros/jazzy/opt/gz_cmake_vendor:/opt/ros/jazzy /usr/bin/cmake --install /workspace/build/arm_moveit_config
[0.383s] -- Install configuration: ""
[0.386s] -- Execute custom install script
[0.387s] -- Up-to-date symlink: /workspace/install/arm_moveit_config/share/ament_index/resource_index/package_run_dependencies/arm_moveit_config
[0.388s] -- Up-to-date symlink: /workspace/install/arm_moveit_config/share/ament_index/resource_index/parent_prefix_path/arm_moveit_config
[0.390s] -- Up-to-date symlink: /workspace/install/arm_moveit_config/share/arm_moveit_config/environment/ament_prefix_path.sh
[0.391s] -- Up-to-date symlink: /workspace/install/arm_moveit_config/share/arm_moveit_config/environment/ament_prefix_path.dsv
[0.392s] -- Up-to-date symlink: /workspace/install/arm_moveit_config/share/arm_moveit_config/environment/path.sh
[0.393s] -- Up-to-date symlink: /workspace/install/arm_moveit_config/share/arm_moveit_config/environment/path.dsv
[0.394s] -- Up-to-date symlink: /workspace/install/arm_moveit_config/share/arm_moveit_config/local_setup.bash
[0.395s] -- Up-to-date symlink: /workspace/install/arm_moveit_config/share/arm_moveit_config/local_setup.sh
[0.396s] -- Up-to-date symlink: /workspace/install/arm_moveit_config/share/arm_moveit_config/local_setup.zsh
[0.397s] -- Up-to-date symlink: /workspace/install/arm_moveit_config/share/arm_moveit_config/local_setup.dsv
[0.398s] -- Symlinking: /workspace/install/arm_moveit_config/share/arm_moveit_config/package.dsv
[0.451s] -- Up-to-date symlink: /workspace/install/arm_moveit_config/share/ament_index/resource_index/packages/arm_moveit_config
[0.453s] -- Up-to-date symlink: /workspace/install/arm_moveit_config/share/arm_moveit_config/cmake/arm_moveit_configConfig.cmake
[0.455s] -- Up-to-date symlink: /workspace/install/arm_moveit_config/share/arm_moveit_config/cmake/arm_moveit_configConfig-version.cmake
[0.456s] -- Up-to-date symlink: /workspace/install/arm_moveit_config/share/arm_moveit_config/package.xml
[0.459s] -- Up-to-date symlink: /workspace/install/arm_moveit_config/share/arm_moveit_config/launch/demo.launch.py
[0.460s] -- Up-to-date symlink: /workspace/install/arm_moveit_config/share/arm_moveit_config/launch/move_group.launch.py
[0.462s] -- Up-to-date symlink: /workspace/install/arm_moveit_config/share/arm_moveit_config/launch/moveit_rviz.launch.py
[0.463s] -- Up-to-date symlink: /workspace/install/arm_moveit_config/share/arm_moveit_config/launch/rsp.launch.py
[0.463s] -- Up-to-date symlink: /workspace/install/arm_moveit_config/share/arm_moveit_config/launch/setup_assistant.launch.py
[0.465s] -- Up-to-date symlink: /workspace/install/arm_moveit_config/share/arm_moveit_config/launch/spawn_controllers.launch.py
[0.465s] -- Up-to-date symlink: /workspace/install/arm_moveit_config/share/arm_moveit_config/launch/static_virtual_joint_tfs.launch.py
[0.466s] -- Up-to-date symlink: /workspace/install/arm_moveit_config/share/arm_moveit_config/launch/warehouse_db.launch.py
[0.467s] -- Up-to-date symlink: /workspace/install/arm_moveit_config/share/arm_moveit_config/config/custom_6dof_arm_final.ros2_control.xacro
[0.468s] -- Up-to-date symlink: /workspace/install/arm_moveit_config/share/arm_moveit_config/config/custom_6dof_arm_final.srdf
[0.469s] -- Up-to-date symlink: /workspace/install/arm_moveit_config/share/arm_moveit_config/config/custom_6dof_arm_final.urdf.xacro
[0.470s] -- Up-to-date symlink: /workspace/install/arm_moveit_config/share/arm_moveit_config/config/initial_positions.yaml
[0.471s] -- Up-to-date symlink: /workspace/install/arm_moveit_config/share/arm_moveit_config/config/joint_limits.yaml
[0.471s] -- Up-to-date symlink: /workspace/install/arm_moveit_config/share/arm_moveit_config/config/kinematics.yaml
[0.472s] -- Up-to-date symlink: /workspace/install/arm_moveit_config/share/arm_moveit_config/config/moveit.rviz
[0.473s] -- Up-to-date symlink: /workspace/install/arm_moveit_config/share/arm_moveit_config/config/moveit_controllers.yaml
[0.474s] -- Up-to-date symlink: /workspace/install/arm_moveit_config/share/arm_moveit_config/config/pilz_cartesian_limits.yaml
[0.474s] -- Up-to-date symlink: /workspace/install/arm_moveit_config/share/arm_moveit_config/config/ros2_controllers.yaml
[0.476s] -- Up-to-date symlink: /workspace/install/arm_moveit_config/share/arm_moveit_config/.setup_assistant
[0.488s] Invoked command in '/workspace/build/arm_moveit_config' returned '0': AMENT_PREFIX_PATH=/workspace/install/arm_description_pkg:${AMENT_PREFIX_PATH} CMAKE_PREFIX_PATH=/workspace/install/arm_description_pkg:/opt/ros/jazzy/opt/gz_sim_vendor:/opt/ros/jazzy/opt/gz_sensors_vendor:/opt/ros/jazzy/opt/gz_physics_vendor:/opt/ros/jazzy/opt/sdformat_vendor:/opt/ros/jazzy/opt/gz_gui_vendor:/opt/ros/jazzy/opt/gz_transport_vendor:/opt/ros/jazzy/opt/gz_rendering_vendor:/opt/ros/jazzy/opt/gz_plugin_vendor:/opt/ros/jazzy/opt/gz_fuel_tools_vendor:/opt/ros/jazzy/opt/gz_msgs_vendor:/opt/ros/jazzy/opt/gz_common_vendor:/opt/ros/jazzy/opt/gz_math_vendor:/opt/ros/jazzy/opt/gz_utils_vendor:/opt/ros/jazzy/opt/gz_tools_vendor:/opt/ros/jazzy/opt/gz_ogre_next_vendor:/opt/ros/jazzy/opt/gz_dartsim_vendor:/opt/ros/jazzy/opt/gz_cmake_vendor:/opt/ros/jazzy /usr/bin/cmake --install /workspace/build/arm_moveit_config
