[0.089s] Invoking command in '/workspace/build/arm_moveit_config': CMAKE_PREFIX_PATH=/workspace/install/arm_description_pkg:/workspace/install/arm_moveit_config:/opt/ros/jazzy/opt/gz_sim_vendor:/opt/ros/jazzy/opt/gz_sensors_vendor:/opt/ros/jazzy/opt/gz_physics_vendor:/opt/ros/jazzy/opt/sdformat_vendor:/opt/ros/jazzy/opt/gz_gui_vendor:/opt/ros/jazzy/opt/gz_transport_vendor:/opt/ros/jazzy/opt/gz_rendering_vendor:/opt/ros/jazzy/opt/gz_plugin_vendor:/opt/ros/jazzy/opt/gz_fuel_tools_vendor:/opt/ros/jazzy/opt/gz_msgs_vendor:/opt/ros/jazzy/opt/gz_common_vendor:/opt/ros/jazzy/opt/gz_math_vendor:/opt/ros/jazzy/opt/gz_utils_vendor:/opt/ros/jazzy/opt/gz_tools_vendor:/opt/ros/jazzy/opt/gz_ogre_next_vendor:/opt/ros/jazzy/opt/gz_dartsim_vendor:/opt/ros/jazzy/opt/gz_cmake_vendor:/workspace/install/servo_pkg:/opt/ros/jazzy /usr/bin/cmake --build /workspace/build/arm_moveit_config -- -j4 -l4
[0.540s] Invoked command in '/workspace/build/arm_moveit_config' returned '0': CMAKE_PREFIX_PATH=/workspace/install/arm_description_pkg:/workspace/install/arm_moveit_config:/opt/ros/jazzy/opt/gz_sim_vendor:/opt/ros/jazzy/opt/gz_sensors_vendor:/opt/ros/jazzy/opt/gz_physics_vendor:/opt/ros/jazzy/opt/sdformat_vendor:/opt/ros/jazzy/opt/gz_gui_vendor:/opt/ros/jazzy/opt/gz_transport_vendor:/opt/ros/jazzy/opt/gz_rendering_vendor:/opt/ros/jazzy/opt/gz_plugin_vendor:/opt/ros/jazzy/opt/gz_fuel_tools_vendor:/opt/ros/jazzy/opt/gz_msgs_vendor:/opt/ros/jazzy/opt/gz_common_vendor:/opt/ros/jazzy/opt/gz_math_vendor:/opt/ros/jazzy/opt/gz_utils_vendor:/opt/ros/jazzy/opt/gz_tools_vendor:/opt/ros/jazzy/opt/gz_ogre_next_vendor:/opt/ros/jazzy/opt/gz_dartsim_vendor:/opt/ros/jazzy/opt/gz_cmake_vendor:/workspace/install/servo_pkg:/opt/ros/jazzy /usr/bin/cmake --build /workspace/build/arm_moveit_config -- -j4 -l4
[0.554s] Invoking command in '/workspace/build/arm_moveit_config': CMAKE_PREFIX_PATH=/workspace/install/arm_description_pkg:/workspace/install/arm_moveit_config:/opt/ros/jazzy/opt/gz_sim_vendor:/opt/ros/jazzy/opt/gz_sensors_vendor:/opt/ros/jazzy/opt/gz_physics_vendor:/opt/ros/jazzy/opt/sdformat_vendor:/opt/ros/jazzy/opt/gz_gui_vendor:/opt/ros/jazzy/opt/gz_transport_vendor:/opt/ros/jazzy/opt/gz_rendering_vendor:/opt/ros/jazzy/opt/gz_plugin_vendor:/opt/ros/jazzy/opt/gz_fuel_tools_vendor:/opt/ros/jazzy/opt/gz_msgs_vendor:/opt/ros/jazzy/opt/gz_common_vendor:/opt/ros/jazzy/opt/gz_math_vendor:/opt/ros/jazzy/opt/gz_utils_vendor:/opt/ros/jazzy/opt/gz_tools_vendor:/opt/ros/jazzy/opt/gz_ogre_next_vendor:/opt/ros/jazzy/opt/gz_dartsim_vendor:/opt/ros/jazzy/opt/gz_cmake_vendor:/workspace/install/servo_pkg:/opt/ros/jazzy /usr/bin/cmake --install /workspace/build/arm_moveit_config
[0.626s] -- Install configuration: ""
[0.627s] -- Up-to-date: /workspace/install/arm_moveit_config/share/ament_index/resource_index/package_run_dependencies/arm_moveit_config
[0.632s] -- Up-to-date: /workspace/install/arm_moveit_config/share/ament_index/resource_index/parent_prefix_path/arm_moveit_config
[0.635s] -- Up-to-date: /workspace/install/arm_moveit_config/share/arm_moveit_config/environment/ament_prefix_path.sh
[0.636s] -- Up-to-date: /workspace/install/arm_moveit_config/share/arm_moveit_config/environment/ament_prefix_path.dsv
[0.639s] -- Up-to-date: /workspace/install/arm_moveit_config/share/arm_moveit_config/environment/path.sh
[0.641s] -- Up-to-date: /workspace/install/arm_moveit_config/share/arm_moveit_config/environment/path.dsv
[0.645s] -- Up-to-date: /workspace/install/arm_moveit_config/share/arm_moveit_config/local_setup.bash
[0.654s] -- Up-to-date: /workspace/install/arm_moveit_config/share/arm_moveit_config/local_setup.sh
[0.655s] -- Up-to-date: /workspace/install/arm_moveit_config/share/arm_moveit_config/local_setup.zsh
[0.657s] -- Up-to-date: /workspace/install/arm_moveit_config/share/arm_moveit_config/local_setup.dsv
[0.660s] -- Up-to-date: /workspace/install/arm_moveit_config/share/arm_moveit_config/package.dsv
[0.664s] -- Up-to-date: /workspace/install/arm_moveit_config/share/ament_index/resource_index/packages/arm_moveit_config
[0.667s] -- Up-to-date: /workspace/install/arm_moveit_config/share/arm_moveit_config/cmake/arm_moveit_configConfig.cmake
[0.672s] -- Up-to-date: /workspace/install/arm_moveit_config/share/arm_moveit_config/cmake/arm_moveit_configConfig-version.cmake
[0.674s] -- Up-to-date: /workspace/install/arm_moveit_config/share/arm_moveit_config/package.xml
[0.675s] -- Up-to-date: /workspace/install/arm_moveit_config/share/arm_moveit_config/launch
[0.676s] -- Up-to-date: /workspace/install/arm_moveit_config/share/arm_moveit_config/launch/demo.launch.py
[0.676s] -- Up-to-date: /workspace/install/arm_moveit_config/share/arm_moveit_config/launch/spawn_controllers.launch.py
[0.686s] -- Up-to-date: /workspace/install/arm_moveit_config/share/arm_moveit_config/launch/moveit_rviz.launch.py
[0.687s] -- Up-to-date: /workspace/install/arm_moveit_config/share/arm_moveit_config/launch/rsp.launch.py
[0.693s] -- Up-to-date: /workspace/install/arm_moveit_config/share/arm_moveit_config/launch/static_virtual_joint_tfs.launch.py
[0.693s] -- Up-to-date: /workspace/install/arm_moveit_config/share/arm_moveit_config/launch/move_group.launch.py
[0.702s] -- Up-to-date: /workspace/install/arm_moveit_config/share/arm_moveit_config/launch/warehouse_db.launch.py
[0.702s] -- Up-to-date: /workspace/install/arm_moveit_config/share/arm_moveit_config/launch/setup_assistant.launch.py
[0.703s] -- Up-to-date: /workspace/install/arm_moveit_config/share/arm_moveit_config/config
[0.711s] -- Up-to-date: /workspace/install/arm_moveit_config/share/arm_moveit_config/config/custom_6dof_arm_final.srdf
[0.712s] -- Up-to-date: /workspace/install/arm_moveit_config/share/arm_moveit_config/config/kinematics.yaml
[0.715s] -- Installing: /workspace/install/arm_moveit_config/share/arm_moveit_config/config/joint_limits.yaml
[0.720s] -- Up-to-date: /workspace/install/arm_moveit_config/share/arm_moveit_config/config/moveit.rviz
[0.723s] -- Up-to-date: /workspace/install/arm_moveit_config/share/arm_moveit_config/config/custom_6dof_arm_final.urdf.xacro
[0.723s] -- Up-to-date: /workspace/install/arm_moveit_config/share/arm_moveit_config/config/initial_positions.yaml
[0.729s] -- Up-to-date: /workspace/install/arm_moveit_config/share/arm_moveit_config/config/moveit_controllers.yaml
[0.730s] -- Up-to-date: /workspace/install/arm_moveit_config/share/arm_moveit_config/config/ros2_controllers.yaml
[0.730s] -- Up-to-date: /workspace/install/arm_moveit_config/share/arm_moveit_config/config/custom_6dof_arm_final.ros2_control.xacro
[0.739s] -- Up-to-date: /workspace/install/arm_moveit_config/share/arm_moveit_config/config/pilz_cartesian_limits.yaml
[0.741s] -- Up-to-date: /workspace/install/arm_moveit_config/share/arm_moveit_config/.setup_assistant
[0.747s] Invoked command in '/workspace/build/arm_moveit_config' returned '0': CMAKE_PREFIX_PATH=/workspace/install/arm_description_pkg:/workspace/install/arm_moveit_config:/opt/ros/jazzy/opt/gz_sim_vendor:/opt/ros/jazzy/opt/gz_sensors_vendor:/opt/ros/jazzy/opt/gz_physics_vendor:/opt/ros/jazzy/opt/sdformat_vendor:/opt/ros/jazzy/opt/gz_gui_vendor:/opt/ros/jazzy/opt/gz_transport_vendor:/opt/ros/jazzy/opt/gz_rendering_vendor:/opt/ros/jazzy/opt/gz_plugin_vendor:/opt/ros/jazzy/opt/gz_fuel_tools_vendor:/opt/ros/jazzy/opt/gz_msgs_vendor:/opt/ros/jazzy/opt/gz_common_vendor:/opt/ros/jazzy/opt/gz_math_vendor:/opt/ros/jazzy/opt/gz_utils_vendor:/opt/ros/jazzy/opt/gz_tools_vendor:/opt/ros/jazzy/opt/gz_ogre_next_vendor:/opt/ros/jazzy/opt/gz_dartsim_vendor:/opt/ros/jazzy/opt/gz_cmake_vendor:/workspace/install/servo_pkg:/opt/ros/jazzy /usr/bin/cmake --install /workspace/build/arm_moveit_config
